ARM GAS  /tmp/ccwPyVU4.s 			page 1


   1              		.cpu cortex-m7
   2              		.eabi_attribute 28, 1
   3              		.eabi_attribute 20, 1
   4              		.eabi_attribute 21, 1
   5              		.eabi_attribute 23, 3
   6              		.eabi_attribute 24, 1
   7              		.eabi_attribute 25, 1
   8              		.eabi_attribute 26, 1
   9              		.eabi_attribute 30, 1
  10              		.eabi_attribute 34, 1
  11              		.eabi_attribute 18, 4
  12              		.file	"main.c"
  13              		.text
  14              	.Ltext0:
  15              		.cfi_sections	.debug_frame
  16              		.section	.text.MX_GPIO_Init,"ax",%progbits
  17              		.align	1
  18              		.arch armv7e-m
  19              		.syntax unified
  20              		.thumb
  21              		.thumb_func
  22              		.fpu fpv5-d16
  24              	MX_GPIO_Init:
  25              	.LFB147:
  26              		.file 1 "Src/main.c"
   1:Src/main.c    **** /* USER CODE BEGIN Header */
   2:Src/main.c    **** /**
   3:Src/main.c    ****   ******************************************************************************
   4:Src/main.c    ****   * @file           : main.c
   5:Src/main.c    ****   * @brief          : Main program body
   6:Src/main.c    ****   ******************************************************************************
   7:Src/main.c    ****   * @attention
   8:Src/main.c    ****   *
   9:Src/main.c    ****   * <h2><center>&copy; Copyright (c) 2019 STMicroelectronics.
  10:Src/main.c    ****   * All rights reserved.</center></h2>
  11:Src/main.c    ****   *
  12:Src/main.c    ****   * This software component is licensed by ST under Ultimate Liberty license
  13:Src/main.c    ****   * SLA0044, the "License"; You may not use this file except in compliance with
  14:Src/main.c    ****   * the License. You may obtain a copy of the License at:
  15:Src/main.c    ****   *                             www.st.com/SLA0044
  16:Src/main.c    ****   *
  17:Src/main.c    ****   ******************************************************************************
  18:Src/main.c    ****   */
  19:Src/main.c    **** /* USER CODE END Header */
  20:Src/main.c    **** /* Includes ------------------------------------------------------------------*/
  21:Src/main.c    **** #include "main.h"
  22:Src/main.c    **** #include "usb_device.h"
  23:Src/main.c    **** #include "usbd_iad_if.h"
  24:Src/main.c    **** /* Private includes ----------------------------------------------------------*/
  25:Src/main.c    **** /* USER CODE BEGIN Includes */
  26:Src/main.c    **** 
  27:Src/main.c    **** /* USER CODE END Includes */
  28:Src/main.c    **** 
  29:Src/main.c    **** /* Private typedef -----------------------------------------------------------*/
  30:Src/main.c    **** /* USER CODE BEGIN PTD */
  31:Src/main.c    **** 
  32:Src/main.c    **** /* USER CODE END PTD */
ARM GAS  /tmp/ccwPyVU4.s 			page 2


  33:Src/main.c    **** 
  34:Src/main.c    **** /* Private define ------------------------------------------------------------*/
  35:Src/main.c    **** /* USER CODE BEGIN PD */
  36:Src/main.c    **** 
  37:Src/main.c    **** /* USER CODE END PD */
  38:Src/main.c    **** 
  39:Src/main.c    **** /* Private macro -------------------------------------------------------------*/
  40:Src/main.c    **** /* USER CODE BEGIN PM */
  41:Src/main.c    **** 
  42:Src/main.c    **** /* USER CODE END PM */
  43:Src/main.c    **** 
  44:Src/main.c    **** /* Private variables ---------------------------------------------------------*/
  45:Src/main.c    **** 
  46:Src/main.c    **** /* USER CODE BEGIN PV */
  47:Src/main.c    **** 
  48:Src/main.c    **** /* USER CODE END PV */
  49:Src/main.c    **** 
  50:Src/main.c    **** /* Private function prototypes -----------------------------------------------*/
  51:Src/main.c    **** void SystemClock_Config(void);
  52:Src/main.c    **** static void MX_GPIO_Init(void);
  53:Src/main.c    **** /* USER CODE BEGIN PFP */
  54:Src/main.c    **** 
  55:Src/main.c    **** /* USER CODE END PFP */
  56:Src/main.c    **** 
  57:Src/main.c    **** /* Private user code ---------------------------------------------------------*/
  58:Src/main.c    **** /* USER CODE BEGIN 0 */
  59:Src/main.c    **** 
  60:Src/main.c    **** /* USER CODE END 0 */
  61:Src/main.c    **** 
  62:Src/main.c    **** /**
  63:Src/main.c    ****   * @brief  The application entry point.
  64:Src/main.c    ****   * @retval int
  65:Src/main.c    ****   */
  66:Src/main.c    **** char ch;
  67:Src/main.c    **** char string_array[30];
  68:Src/main.c    **** 
  69:Src/main.c    **** int main(void)
  70:Src/main.c    **** {
  71:Src/main.c    ****   /* USER CODE BEGIN 1 */
  72:Src/main.c    **** 
  73:Src/main.c    ****   /* USER CODE END 1 */
  74:Src/main.c    **** 
  75:Src/main.c    ****   /* MCU Configuration--------------------------------------------------------*/
  76:Src/main.c    **** 
  77:Src/main.c    ****   /* Reset of all peripherals, Initializes the Flash interface and the Systick. */
  78:Src/main.c    ****   HAL_Init();
  79:Src/main.c    **** 
  80:Src/main.c    ****   /* USER CODE BEGIN Init */
  81:Src/main.c    **** 
  82:Src/main.c    ****   /* USER CODE END Init */
  83:Src/main.c    **** 
  84:Src/main.c    ****   /* Configure the system clock */
  85:Src/main.c    ****   SystemClock_Config();
  86:Src/main.c    **** 
  87:Src/main.c    ****   /* USER CODE BEGIN SysInit */
  88:Src/main.c    **** 
  89:Src/main.c    ****   /* USER CODE END SysInit */
ARM GAS  /tmp/ccwPyVU4.s 			page 3


  90:Src/main.c    **** 
  91:Src/main.c    ****   /* Initialize all configured peripherals */
  92:Src/main.c    ****   MX_GPIO_Init();
  93:Src/main.c    ****   MX_USB_DEVICE_Init();
  94:Src/main.c    **** //  MX_USB_Start(MX_USB);
  95:Src/main.c    **** //  USBD_IAD_CDC_Init(USB_FS);
  96:Src/main.c    **** //  USBD_IAD_Start(USB_FS);
  97:Src/main.c    ****   /* USER CODE BEGIN 2 */
  98:Src/main.c    **** 
  99:Src/main.c    ****   /* USER CODE END 2 */
 100:Src/main.c    **** 
 101:Src/main.c    ****   /* Infinite loop */
 102:Src/main.c    ****   /* USER CODE BEGIN WHILE */
 103:Src/main.c    **** 	uint8_t msg1[16], msg2[16];
 104:Src/main.c    **** 	uint32_t totalLen;
 105:Src/main.c    **** 	uint8_t result;
 106:Src/main.c    **** 
 107:Src/main.c    **** 	while (1) {
 108:Src/main.c    **** 		/* USER CODE END WHILE */
 109:Src/main.c    **** 
 110:Src/main.c    **** 		totalLen = 16;
 111:Src/main.c    **** 		msg1[0] = '.';
 112:Src/main.c    **** 		result = CDC_Receive_VCP1_FS(msg1, &totalLen);
 113:Src/main.c    **** 		if (result == USBD_OK && totalLen != 0)
 114:Src/main.c    **** 			IAD_CDC2_Transmit_FS(msg1, totalLen);
 115:Src/main.c    **** //            MX_USART_Putc(USART3, msg1);
 116:Src/main.c    **** 		HAL_Delay(100);
 117:Src/main.c    **** 
 118:Src/main.c    **** 		totalLen = 16;
 119:Src/main.c    **** 		msg2[0] = '.';
 120:Src/main.c    **** 		result = CDC_Receive_VCP1_FS(msg2, &totalLen);
 121:Src/main.c    **** 		if (result == USBD_OK && totalLen != 0)
 122:Src/main.c    **** 			IAD_CDC1_Transmit_FS(msg2, totalLen);
 123:Src/main.c    **** 
 124:Src/main.c    **** 		HAL_Delay(100);
 125:Src/main.c    **** /*
 126:Src/main.c    **** 			while (CDC_Receive_VCP1_FS(USB_FS, &ch)) {
 127:Src/main.c    **** 				/* One character received */
 128:Src/main.c    **** 
 129:Src/main.c    **** 				/* Send character to USART */
 130:Src/main.c    **** //				HAL_UART_Transmit(USART3, ch);
 131:Src/main.c    **** //			}
 132:Src/main.c    **** 
 133:Src/main.c    **** 			/* CHeck if any character received from USART */
 134:Src/main.c    **** //			while (!USART_BufferEmpty(USART3)) {
 135:Src/main.c    **** 				/* Send data over USB CDC */
 136:Src/main.c    **** //				IAD_CDC1_Transmit_FS(hUsbDeviceFS, MX_USART_Getc(USART3));
 137:Src/main.c    **** //		}
 138:Src/main.c    ****     /* USER CODE END WHILE */
 139:Src/main.c    **** 
 140:Src/main.c    ****     /* USER CODE BEGIN 3 */
 141:Src/main.c    ****   }
 142:Src/main.c    ****   /* USER CODE END 3 */
 143:Src/main.c    **** }
 144:Src/main.c    **** 
 145:Src/main.c    **** /**
 146:Src/main.c    ****   * @brief System Clock Configuration
ARM GAS  /tmp/ccwPyVU4.s 			page 4


 147:Src/main.c    ****   * @retval None
 148:Src/main.c    ****   */
 149:Src/main.c    **** void SystemClock_Config(void)
 150:Src/main.c    **** {
 151:Src/main.c    ****   RCC_OscInitTypeDef RCC_OscInitStruct = {0};
 152:Src/main.c    ****   RCC_ClkInitTypeDef RCC_ClkInitStruct = {0};
 153:Src/main.c    ****   RCC_PeriphCLKInitTypeDef PeriphClkInitStruct = {0};
 154:Src/main.c    **** 
 155:Src/main.c    ****   /** Configure the main internal regulator output voltage
 156:Src/main.c    ****   */
 157:Src/main.c    ****   __HAL_RCC_PWR_CLK_ENABLE();
 158:Src/main.c    ****   __HAL_PWR_VOLTAGESCALING_CONFIG(PWR_REGULATOR_VOLTAGE_SCALE1);
 159:Src/main.c    ****   /** Initializes the RCC Oscillators according to the specified parameters
 160:Src/main.c    ****   * in the RCC_OscInitTypeDef structure.
 161:Src/main.c    ****   */
 162:Src/main.c    ****   RCC_OscInitStruct.OscillatorType = RCC_OSCILLATORTYPE_HSE;
 163:Src/main.c    ****   RCC_OscInitStruct.HSEState = RCC_HSE_BYPASS;
 164:Src/main.c    ****   RCC_OscInitStruct.PLL.PLLState = RCC_PLL_ON;
 165:Src/main.c    ****   RCC_OscInitStruct.PLL.PLLSource = RCC_PLLSOURCE_HSE;
 166:Src/main.c    ****   RCC_OscInitStruct.PLL.PLLM = 8;
 167:Src/main.c    ****   RCC_OscInitStruct.PLL.PLLN = 432;
 168:Src/main.c    ****   RCC_OscInitStruct.PLL.PLLP = RCC_PLLP_DIV2;
 169:Src/main.c    ****   RCC_OscInitStruct.PLL.PLLQ = 9;
 170:Src/main.c    ****   if (HAL_RCC_OscConfig(&RCC_OscInitStruct) != HAL_OK)
 171:Src/main.c    ****   {
 172:Src/main.c    ****     Error_Handler();
 173:Src/main.c    ****   }
 174:Src/main.c    ****   /** Activate the Over-Drive mode
 175:Src/main.c    ****   */
 176:Src/main.c    ****   if (HAL_PWREx_EnableOverDrive() != HAL_OK)
 177:Src/main.c    ****   {
 178:Src/main.c    ****     Error_Handler();
 179:Src/main.c    ****   }
 180:Src/main.c    ****   /** Initializes the CPU, AHB and APB buses clocks
 181:Src/main.c    ****   */
 182:Src/main.c    ****   RCC_ClkInitStruct.ClockType = RCC_CLOCKTYPE_HCLK|RCC_CLOCKTYPE_SYSCLK
 183:Src/main.c    ****                               |RCC_CLOCKTYPE_PCLK1|RCC_CLOCKTYPE_PCLK2;
 184:Src/main.c    ****   RCC_ClkInitStruct.SYSCLKSource = RCC_SYSCLKSOURCE_PLLCLK;
 185:Src/main.c    ****   RCC_ClkInitStruct.AHBCLKDivider = RCC_SYSCLK_DIV1;
 186:Src/main.c    ****   RCC_ClkInitStruct.APB1CLKDivider = RCC_HCLK_DIV4;
 187:Src/main.c    ****   RCC_ClkInitStruct.APB2CLKDivider = RCC_HCLK_DIV2;
 188:Src/main.c    **** 
 189:Src/main.c    ****   if (HAL_RCC_ClockConfig(&RCC_ClkInitStruct, FLASH_LATENCY_7) != HAL_OK)
 190:Src/main.c    ****   {
 191:Src/main.c    ****     Error_Handler();
 192:Src/main.c    ****   }
 193:Src/main.c    ****   PeriphClkInitStruct.PeriphClockSelection = RCC_PERIPHCLK_CLK48;
 194:Src/main.c    ****   PeriphClkInitStruct.PLLSAI.PLLSAIN = 384;
 195:Src/main.c    ****   PeriphClkInitStruct.PLLSAI.PLLSAIR = 2;
 196:Src/main.c    ****   PeriphClkInitStruct.PLLSAI.PLLSAIQ = 2;
 197:Src/main.c    ****   PeriphClkInitStruct.PLLSAI.PLLSAIP = RCC_PLLSAIP_DIV8;
 198:Src/main.c    ****   PeriphClkInitStruct.PLLSAIDivQ = 1;
 199:Src/main.c    ****   PeriphClkInitStruct.PLLSAIDivR = RCC_PLLSAIDIVR_2;
 200:Src/main.c    ****   PeriphClkInitStruct.Clk48ClockSelection = RCC_CLK48SOURCE_PLLSAIP;
 201:Src/main.c    ****   if (HAL_RCCEx_PeriphCLKConfig(&PeriphClkInitStruct) != HAL_OK)
 202:Src/main.c    ****   {
 203:Src/main.c    ****     Error_Handler();
ARM GAS  /tmp/ccwPyVU4.s 			page 5


 204:Src/main.c    ****   }
 205:Src/main.c    **** }
 206:Src/main.c    **** 
 207:Src/main.c    **** /**
 208:Src/main.c    ****   * @brief GPIO Initialization Function
 209:Src/main.c    ****   * @param None
 210:Src/main.c    ****   * @retval None
 211:Src/main.c    ****   */
 212:Src/main.c    **** static void MX_GPIO_Init(void)
 213:Src/main.c    **** {
  27              		.loc 1 213 1 view -0
  28              		.cfi_startproc
  29              		@ args = 0, pretend = 0, frame = 48
  30              		@ frame_needed = 0, uses_anonymous_args = 0
  31 0000 2DE9F04F 		push	{r4, r5, r6, r7, r8, r9, r10, fp, lr}
  32              	.LCFI0:
  33              		.cfi_def_cfa_offset 36
  34              		.cfi_offset 4, -36
  35              		.cfi_offset 5, -32
  36              		.cfi_offset 6, -28
  37              		.cfi_offset 7, -24
  38              		.cfi_offset 8, -20
  39              		.cfi_offset 9, -16
  40              		.cfi_offset 10, -12
  41              		.cfi_offset 11, -8
  42              		.cfi_offset 14, -4
  43 0004 8DB0     		sub	sp, sp, #52
  44              	.LCFI1:
  45              		.cfi_def_cfa_offset 88
 214:Src/main.c    ****   GPIO_InitTypeDef GPIO_InitStruct = {0};
  46              		.loc 1 214 3 view .LVU1
  47              		.loc 1 214 20 is_stmt 0 view .LVU2
  48 0006 0024     		movs	r4, #0
  49 0008 0794     		str	r4, [sp, #28]
  50 000a 0894     		str	r4, [sp, #32]
  51 000c 0994     		str	r4, [sp, #36]
  52 000e 0A94     		str	r4, [sp, #40]
  53 0010 0B94     		str	r4, [sp, #44]
 215:Src/main.c    **** 
 216:Src/main.c    ****   /* GPIO Ports Clock Enable */
 217:Src/main.c    ****   __HAL_RCC_GPIOC_CLK_ENABLE();
  54              		.loc 1 217 3 is_stmt 1 view .LVU3
  55              	.LBB2:
  56              		.loc 1 217 3 view .LVU4
  57              		.loc 1 217 3 view .LVU5
  58 0012 584B     		ldr	r3, .L3
  59 0014 1A6B     		ldr	r2, [r3, #48]
  60 0016 42F00402 		orr	r2, r2, #4
  61 001a 1A63     		str	r2, [r3, #48]
  62              		.loc 1 217 3 view .LVU6
  63 001c 1A6B     		ldr	r2, [r3, #48]
  64 001e 02F00402 		and	r2, r2, #4
  65 0022 0192     		str	r2, [sp, #4]
  66              		.loc 1 217 3 view .LVU7
  67 0024 019A     		ldr	r2, [sp, #4]
  68              	.LBE2:
  69              		.loc 1 217 3 view .LVU8
ARM GAS  /tmp/ccwPyVU4.s 			page 6


 218:Src/main.c    ****   __HAL_RCC_GPIOH_CLK_ENABLE();
  70              		.loc 1 218 3 view .LVU9
  71              	.LBB3:
  72              		.loc 1 218 3 view .LVU10
  73              		.loc 1 218 3 view .LVU11
  74 0026 1A6B     		ldr	r2, [r3, #48]
  75 0028 42F08002 		orr	r2, r2, #128
  76 002c 1A63     		str	r2, [r3, #48]
  77              		.loc 1 218 3 view .LVU12
  78 002e 1A6B     		ldr	r2, [r3, #48]
  79 0030 02F08002 		and	r2, r2, #128
  80 0034 0292     		str	r2, [sp, #8]
  81              		.loc 1 218 3 view .LVU13
  82 0036 029A     		ldr	r2, [sp, #8]
  83              	.LBE3:
  84              		.loc 1 218 3 view .LVU14
 219:Src/main.c    ****   __HAL_RCC_GPIOA_CLK_ENABLE();
  85              		.loc 1 219 3 view .LVU15
  86              	.LBB4:
  87              		.loc 1 219 3 view .LVU16
  88              		.loc 1 219 3 view .LVU17
  89 0038 1A6B     		ldr	r2, [r3, #48]
  90 003a 42F00102 		orr	r2, r2, #1
  91 003e 1A63     		str	r2, [r3, #48]
  92              		.loc 1 219 3 view .LVU18
  93 0040 1A6B     		ldr	r2, [r3, #48]
  94 0042 02F00102 		and	r2, r2, #1
  95 0046 0392     		str	r2, [sp, #12]
  96              		.loc 1 219 3 view .LVU19
  97 0048 039A     		ldr	r2, [sp, #12]
  98              	.LBE4:
  99              		.loc 1 219 3 view .LVU20
 220:Src/main.c    ****   __HAL_RCC_GPIOB_CLK_ENABLE();
 100              		.loc 1 220 3 view .LVU21
 101              	.LBB5:
 102              		.loc 1 220 3 view .LVU22
 103              		.loc 1 220 3 view .LVU23
 104 004a 1A6B     		ldr	r2, [r3, #48]
 105 004c 42F00202 		orr	r2, r2, #2
 106 0050 1A63     		str	r2, [r3, #48]
 107              		.loc 1 220 3 view .LVU24
 108 0052 1A6B     		ldr	r2, [r3, #48]
 109 0054 02F00202 		and	r2, r2, #2
 110 0058 0492     		str	r2, [sp, #16]
 111              		.loc 1 220 3 view .LVU25
 112 005a 049A     		ldr	r2, [sp, #16]
 113              	.LBE5:
 114              		.loc 1 220 3 view .LVU26
 221:Src/main.c    ****   __HAL_RCC_GPIOD_CLK_ENABLE();
 115              		.loc 1 221 3 view .LVU27
 116              	.LBB6:
 117              		.loc 1 221 3 view .LVU28
 118              		.loc 1 221 3 view .LVU29
 119 005c 1A6B     		ldr	r2, [r3, #48]
 120 005e 42F00802 		orr	r2, r2, #8
 121 0062 1A63     		str	r2, [r3, #48]
 122              		.loc 1 221 3 view .LVU30
ARM GAS  /tmp/ccwPyVU4.s 			page 7


 123 0064 1A6B     		ldr	r2, [r3, #48]
 124 0066 02F00802 		and	r2, r2, #8
 125 006a 0592     		str	r2, [sp, #20]
 126              		.loc 1 221 3 view .LVU31
 127 006c 059A     		ldr	r2, [sp, #20]
 128              	.LBE6:
 129              		.loc 1 221 3 view .LVU32
 222:Src/main.c    ****   __HAL_RCC_GPIOG_CLK_ENABLE();
 130              		.loc 1 222 3 view .LVU33
 131              	.LBB7:
 132              		.loc 1 222 3 view .LVU34
 133              		.loc 1 222 3 view .LVU35
 134 006e 1A6B     		ldr	r2, [r3, #48]
 135 0070 42F04002 		orr	r2, r2, #64
 136 0074 1A63     		str	r2, [r3, #48]
 137              		.loc 1 222 3 view .LVU36
 138 0076 1B6B     		ldr	r3, [r3, #48]
 139 0078 03F04003 		and	r3, r3, #64
 140 007c 0693     		str	r3, [sp, #24]
 141              		.loc 1 222 3 view .LVU37
 142 007e 069B     		ldr	r3, [sp, #24]
 143              	.LBE7:
 144              		.loc 1 222 3 view .LVU38
 223:Src/main.c    **** 
 224:Src/main.c    ****   /*Configure GPIO pin Output Level */
 225:Src/main.c    ****   HAL_GPIO_WritePin(GPIOB, LD1_Pin|LD3_Pin|LD2_Pin, GPIO_PIN_RESET);
 145              		.loc 1 225 3 view .LVU39
 146 0080 DFF80491 		ldr	r9, .L3+20
 147 0084 2246     		mov	r2, r4
 148 0086 44F28101 		movw	r1, #16513
 149 008a 4846     		mov	r0, r9
 150 008c FFF7FEFF 		bl	HAL_GPIO_WritePin
 151              	.LVL0:
 226:Src/main.c    **** 
 227:Src/main.c    ****   /*Configure GPIO pin Output Level */
 228:Src/main.c    ****   HAL_GPIO_WritePin(USB_PowerSwitchOn_GPIO_Port, USB_PowerSwitchOn_Pin, GPIO_PIN_RESET);
 152              		.loc 1 228 3 view .LVU40
 153 0090 394F     		ldr	r7, .L3+4
 154 0092 2246     		mov	r2, r4
 155 0094 4021     		movs	r1, #64
 156 0096 3846     		mov	r0, r7
 157 0098 FFF7FEFF 		bl	HAL_GPIO_WritePin
 158              	.LVL1:
 229:Src/main.c    **** 
 230:Src/main.c    ****   /*Configure GPIO pin : USER_Btn_Pin */
 231:Src/main.c    ****   GPIO_InitStruct.Pin = USER_Btn_Pin;
 159              		.loc 1 231 3 view .LVU41
 160              		.loc 1 231 23 is_stmt 0 view .LVU42
 161 009c 4FF4005B 		mov	fp, #8192
 162 00a0 CDF81CB0 		str	fp, [sp, #28]
 232:Src/main.c    ****   GPIO_InitStruct.Mode = GPIO_MODE_IT_RISING;
 163              		.loc 1 232 3 is_stmt 1 view .LVU43
 164              		.loc 1 232 24 is_stmt 0 view .LVU44
 165 00a4 354B     		ldr	r3, .L3+8
 166 00a6 0893     		str	r3, [sp, #32]
 233:Src/main.c    ****   GPIO_InitStruct.Pull = GPIO_NOPULL;
 167              		.loc 1 233 3 is_stmt 1 view .LVU45
ARM GAS  /tmp/ccwPyVU4.s 			page 8


 168              		.loc 1 233 24 is_stmt 0 view .LVU46
 169 00a8 0994     		str	r4, [sp, #36]
 234:Src/main.c    ****   HAL_GPIO_Init(USER_Btn_GPIO_Port, &GPIO_InitStruct);
 170              		.loc 1 234 3 is_stmt 1 view .LVU47
 171 00aa DFF8E0A0 		ldr	r10, .L3+24
 172 00ae 07A9     		add	r1, sp, #28
 173 00b0 5046     		mov	r0, r10
 174 00b2 FFF7FEFF 		bl	HAL_GPIO_Init
 175              	.LVL2:
 235:Src/main.c    **** 
 236:Src/main.c    ****   /*Configure GPIO pins : RMII_MDC_Pin RMII_RXD0_Pin RMII_RXD1_Pin */
 237:Src/main.c    ****   GPIO_InitStruct.Pin = RMII_MDC_Pin|RMII_RXD0_Pin|RMII_RXD1_Pin;
 176              		.loc 1 237 3 view .LVU48
 177              		.loc 1 237 23 is_stmt 0 view .LVU49
 178 00b6 3223     		movs	r3, #50
 179 00b8 0793     		str	r3, [sp, #28]
 238:Src/main.c    ****   GPIO_InitStruct.Mode = GPIO_MODE_AF_PP;
 180              		.loc 1 238 3 is_stmt 1 view .LVU50
 181              		.loc 1 238 24 is_stmt 0 view .LVU51
 182 00ba 0226     		movs	r6, #2
 183 00bc 0896     		str	r6, [sp, #32]
 239:Src/main.c    ****   GPIO_InitStruct.Pull = GPIO_NOPULL;
 184              		.loc 1 239 3 is_stmt 1 view .LVU52
 185              		.loc 1 239 24 is_stmt 0 view .LVU53
 186 00be 0994     		str	r4, [sp, #36]
 240:Src/main.c    ****   GPIO_InitStruct.Speed = GPIO_SPEED_FREQ_VERY_HIGH;
 187              		.loc 1 240 3 is_stmt 1 view .LVU54
 188              		.loc 1 240 25 is_stmt 0 view .LVU55
 189 00c0 0325     		movs	r5, #3
 190 00c2 0A95     		str	r5, [sp, #40]
 241:Src/main.c    ****   GPIO_InitStruct.Alternate = GPIO_AF11_ETH;
 191              		.loc 1 241 3 is_stmt 1 view .LVU56
 192              		.loc 1 241 29 is_stmt 0 view .LVU57
 193 00c4 4FF00B08 		mov	r8, #11
 194 00c8 CDF82C80 		str	r8, [sp, #44]
 242:Src/main.c    ****   HAL_GPIO_Init(GPIOC, &GPIO_InitStruct);
 195              		.loc 1 242 3 is_stmt 1 view .LVU58
 196 00cc 07A9     		add	r1, sp, #28
 197 00ce 5046     		mov	r0, r10
 198 00d0 FFF7FEFF 		bl	HAL_GPIO_Init
 199              	.LVL3:
 243:Src/main.c    **** 
 244:Src/main.c    ****   /*Configure GPIO pins : RMII_REF_CLK_Pin RMII_MDIO_Pin RMII_CRS_DV_Pin */
 245:Src/main.c    ****   GPIO_InitStruct.Pin = RMII_REF_CLK_Pin|RMII_MDIO_Pin|RMII_CRS_DV_Pin;
 200              		.loc 1 245 3 view .LVU59
 201              		.loc 1 245 23 is_stmt 0 view .LVU60
 202 00d4 8623     		movs	r3, #134
 203 00d6 0793     		str	r3, [sp, #28]
 246:Src/main.c    ****   GPIO_InitStruct.Mode = GPIO_MODE_AF_PP;
 204              		.loc 1 246 3 is_stmt 1 view .LVU61
 205              		.loc 1 246 24 is_stmt 0 view .LVU62
 206 00d8 0896     		str	r6, [sp, #32]
 247:Src/main.c    ****   GPIO_InitStruct.Pull = GPIO_NOPULL;
 207              		.loc 1 247 3 is_stmt 1 view .LVU63
 208              		.loc 1 247 24 is_stmt 0 view .LVU64
 209 00da 0994     		str	r4, [sp, #36]
 248:Src/main.c    ****   GPIO_InitStruct.Speed = GPIO_SPEED_FREQ_VERY_HIGH;
ARM GAS  /tmp/ccwPyVU4.s 			page 9


 210              		.loc 1 248 3 is_stmt 1 view .LVU65
 211              		.loc 1 248 25 is_stmt 0 view .LVU66
 212 00dc 0A95     		str	r5, [sp, #40]
 249:Src/main.c    ****   GPIO_InitStruct.Alternate = GPIO_AF11_ETH;
 213              		.loc 1 249 3 is_stmt 1 view .LVU67
 214              		.loc 1 249 29 is_stmt 0 view .LVU68
 215 00de CDF82C80 		str	r8, [sp, #44]
 250:Src/main.c    ****   HAL_GPIO_Init(GPIOA, &GPIO_InitStruct);
 216              		.loc 1 250 3 is_stmt 1 view .LVU69
 217 00e2 07A9     		add	r1, sp, #28
 218 00e4 2648     		ldr	r0, .L3+12
 219 00e6 FFF7FEFF 		bl	HAL_GPIO_Init
 220              	.LVL4:
 251:Src/main.c    **** 
 252:Src/main.c    ****   /*Configure GPIO pins : LD1_Pin LD3_Pin LD2_Pin */
 253:Src/main.c    ****   GPIO_InitStruct.Pin = LD1_Pin|LD3_Pin|LD2_Pin;
 221              		.loc 1 253 3 view .LVU70
 222              		.loc 1 253 23 is_stmt 0 view .LVU71
 223 00ea 44F28103 		movw	r3, #16513
 224 00ee 0793     		str	r3, [sp, #28]
 254:Src/main.c    ****   GPIO_InitStruct.Mode = GPIO_MODE_OUTPUT_PP;
 225              		.loc 1 254 3 is_stmt 1 view .LVU72
 226              		.loc 1 254 24 is_stmt 0 view .LVU73
 227 00f0 4FF0010A 		mov	r10, #1
 228 00f4 CDF820A0 		str	r10, [sp, #32]
 255:Src/main.c    ****   GPIO_InitStruct.Pull = GPIO_NOPULL;
 229              		.loc 1 255 3 is_stmt 1 view .LVU74
 230              		.loc 1 255 24 is_stmt 0 view .LVU75
 231 00f8 0994     		str	r4, [sp, #36]
 256:Src/main.c    ****   GPIO_InitStruct.Speed = GPIO_SPEED_FREQ_LOW;
 232              		.loc 1 256 3 is_stmt 1 view .LVU76
 233              		.loc 1 256 25 is_stmt 0 view .LVU77
 234 00fa 0A94     		str	r4, [sp, #40]
 257:Src/main.c    ****   HAL_GPIO_Init(GPIOB, &GPIO_InitStruct);
 235              		.loc 1 257 3 is_stmt 1 view .LVU78
 236 00fc 07A9     		add	r1, sp, #28
 237 00fe 4846     		mov	r0, r9
 238 0100 FFF7FEFF 		bl	HAL_GPIO_Init
 239              	.LVL5:
 258:Src/main.c    **** 
 259:Src/main.c    ****   /*Configure GPIO pin : RMII_TXD1_Pin */
 260:Src/main.c    ****   GPIO_InitStruct.Pin = RMII_TXD1_Pin;
 240              		.loc 1 260 3 view .LVU79
 241              		.loc 1 260 23 is_stmt 0 view .LVU80
 242 0104 CDF81CB0 		str	fp, [sp, #28]
 261:Src/main.c    ****   GPIO_InitStruct.Mode = GPIO_MODE_AF_PP;
 243              		.loc 1 261 3 is_stmt 1 view .LVU81
 244              		.loc 1 261 24 is_stmt 0 view .LVU82
 245 0108 0896     		str	r6, [sp, #32]
 262:Src/main.c    ****   GPIO_InitStruct.Pull = GPIO_NOPULL;
 246              		.loc 1 262 3 is_stmt 1 view .LVU83
 247              		.loc 1 262 24 is_stmt 0 view .LVU84
 248 010a 0994     		str	r4, [sp, #36]
 263:Src/main.c    ****   GPIO_InitStruct.Speed = GPIO_SPEED_FREQ_VERY_HIGH;
 249              		.loc 1 263 3 is_stmt 1 view .LVU85
 250              		.loc 1 263 25 is_stmt 0 view .LVU86
 251 010c 0A95     		str	r5, [sp, #40]
ARM GAS  /tmp/ccwPyVU4.s 			page 10


 264:Src/main.c    ****   GPIO_InitStruct.Alternate = GPIO_AF11_ETH;
 252              		.loc 1 264 3 is_stmt 1 view .LVU87
 253              		.loc 1 264 29 is_stmt 0 view .LVU88
 254 010e CDF82C80 		str	r8, [sp, #44]
 265:Src/main.c    ****   HAL_GPIO_Init(RMII_TXD1_GPIO_Port, &GPIO_InitStruct);
 255              		.loc 1 265 3 is_stmt 1 view .LVU89
 256 0112 07A9     		add	r1, sp, #28
 257 0114 4846     		mov	r0, r9
 258 0116 FFF7FEFF 		bl	HAL_GPIO_Init
 259              	.LVL6:
 266:Src/main.c    **** 
 267:Src/main.c    ****   /*Configure GPIO pins : STLK_RX_Pin STLK_TX_Pin */
 268:Src/main.c    ****   GPIO_InitStruct.Pin = STLK_RX_Pin|STLK_TX_Pin;
 260              		.loc 1 268 3 view .LVU90
 261              		.loc 1 268 23 is_stmt 0 view .LVU91
 262 011a 4FF44073 		mov	r3, #768
 263 011e 0793     		str	r3, [sp, #28]
 269:Src/main.c    ****   GPIO_InitStruct.Mode = GPIO_MODE_AF_PP;
 264              		.loc 1 269 3 is_stmt 1 view .LVU92
 265              		.loc 1 269 24 is_stmt 0 view .LVU93
 266 0120 0896     		str	r6, [sp, #32]
 270:Src/main.c    ****   GPIO_InitStruct.Pull = GPIO_NOPULL;
 267              		.loc 1 270 3 is_stmt 1 view .LVU94
 268              		.loc 1 270 24 is_stmt 0 view .LVU95
 269 0122 0994     		str	r4, [sp, #36]
 271:Src/main.c    ****   GPIO_InitStruct.Speed = GPIO_SPEED_FREQ_VERY_HIGH;
 270              		.loc 1 271 3 is_stmt 1 view .LVU96
 271              		.loc 1 271 25 is_stmt 0 view .LVU97
 272 0124 0A95     		str	r5, [sp, #40]
 272:Src/main.c    ****   GPIO_InitStruct.Alternate = GPIO_AF7_USART3;
 273              		.loc 1 272 3 is_stmt 1 view .LVU98
 274              		.loc 1 272 29 is_stmt 0 view .LVU99
 275 0126 0723     		movs	r3, #7
 276 0128 0B93     		str	r3, [sp, #44]
 273:Src/main.c    ****   HAL_GPIO_Init(GPIOD, &GPIO_InitStruct);
 277              		.loc 1 273 3 is_stmt 1 view .LVU100
 278 012a 07A9     		add	r1, sp, #28
 279 012c 1548     		ldr	r0, .L3+16
 280 012e FFF7FEFF 		bl	HAL_GPIO_Init
 281              	.LVL7:
 274:Src/main.c    **** 
 275:Src/main.c    ****   /*Configure GPIO pin : USB_PowerSwitchOn_Pin */
 276:Src/main.c    ****   GPIO_InitStruct.Pin = USB_PowerSwitchOn_Pin;
 282              		.loc 1 276 3 view .LVU101
 283              		.loc 1 276 23 is_stmt 0 view .LVU102
 284 0132 4023     		movs	r3, #64
 285 0134 0793     		str	r3, [sp, #28]
 277:Src/main.c    ****   GPIO_InitStruct.Mode = GPIO_MODE_OUTPUT_PP;
 286              		.loc 1 277 3 is_stmt 1 view .LVU103
 287              		.loc 1 277 24 is_stmt 0 view .LVU104
 288 0136 CDF820A0 		str	r10, [sp, #32]
 278:Src/main.c    ****   GPIO_InitStruct.Pull = GPIO_NOPULL;
 289              		.loc 1 278 3 is_stmt 1 view .LVU105
 290              		.loc 1 278 24 is_stmt 0 view .LVU106
 291 013a 0994     		str	r4, [sp, #36]
 279:Src/main.c    ****   GPIO_InitStruct.Speed = GPIO_SPEED_FREQ_LOW;
 292              		.loc 1 279 3 is_stmt 1 view .LVU107
ARM GAS  /tmp/ccwPyVU4.s 			page 11


 293              		.loc 1 279 25 is_stmt 0 view .LVU108
 294 013c 0A94     		str	r4, [sp, #40]
 280:Src/main.c    ****   HAL_GPIO_Init(USB_PowerSwitchOn_GPIO_Port, &GPIO_InitStruct);
 295              		.loc 1 280 3 is_stmt 1 view .LVU109
 296 013e 07A9     		add	r1, sp, #28
 297 0140 3846     		mov	r0, r7
 298 0142 FFF7FEFF 		bl	HAL_GPIO_Init
 299              	.LVL8:
 281:Src/main.c    **** 
 282:Src/main.c    ****   /*Configure GPIO pin : USB_OverCurrent_Pin */
 283:Src/main.c    ****   GPIO_InitStruct.Pin = USB_OverCurrent_Pin;
 300              		.loc 1 283 3 view .LVU110
 301              		.loc 1 283 23 is_stmt 0 view .LVU111
 302 0146 8023     		movs	r3, #128
 303 0148 0793     		str	r3, [sp, #28]
 284:Src/main.c    ****   GPIO_InitStruct.Mode = GPIO_MODE_INPUT;
 304              		.loc 1 284 3 is_stmt 1 view .LVU112
 305              		.loc 1 284 24 is_stmt 0 view .LVU113
 306 014a 0894     		str	r4, [sp, #32]
 285:Src/main.c    ****   GPIO_InitStruct.Pull = GPIO_NOPULL;
 307              		.loc 1 285 3 is_stmt 1 view .LVU114
 308              		.loc 1 285 24 is_stmt 0 view .LVU115
 309 014c 0994     		str	r4, [sp, #36]
 286:Src/main.c    ****   HAL_GPIO_Init(USB_OverCurrent_GPIO_Port, &GPIO_InitStruct);
 310              		.loc 1 286 3 is_stmt 1 view .LVU116
 311 014e 07A9     		add	r1, sp, #28
 312 0150 3846     		mov	r0, r7
 313 0152 FFF7FEFF 		bl	HAL_GPIO_Init
 314              	.LVL9:
 287:Src/main.c    **** 
 288:Src/main.c    ****   /*Configure GPIO pins : RMII_TX_EN_Pin RMII_TXD0_Pin */
 289:Src/main.c    ****   GPIO_InitStruct.Pin = RMII_TX_EN_Pin|RMII_TXD0_Pin;
 315              		.loc 1 289 3 view .LVU117
 316              		.loc 1 289 23 is_stmt 0 view .LVU118
 317 0156 4FF42053 		mov	r3, #10240
 318 015a 0793     		str	r3, [sp, #28]
 290:Src/main.c    ****   GPIO_InitStruct.Mode = GPIO_MODE_AF_PP;
 319              		.loc 1 290 3 is_stmt 1 view .LVU119
 320              		.loc 1 290 24 is_stmt 0 view .LVU120
 321 015c 0896     		str	r6, [sp, #32]
 291:Src/main.c    ****   GPIO_InitStruct.Pull = GPIO_NOPULL;
 322              		.loc 1 291 3 is_stmt 1 view .LVU121
 323              		.loc 1 291 24 is_stmt 0 view .LVU122
 324 015e 0994     		str	r4, [sp, #36]
 292:Src/main.c    ****   GPIO_InitStruct.Speed = GPIO_SPEED_FREQ_VERY_HIGH;
 325              		.loc 1 292 3 is_stmt 1 view .LVU123
 326              		.loc 1 292 25 is_stmt 0 view .LVU124
 327 0160 0A95     		str	r5, [sp, #40]
 293:Src/main.c    ****   GPIO_InitStruct.Alternate = GPIO_AF11_ETH;
 328              		.loc 1 293 3 is_stmt 1 view .LVU125
 329              		.loc 1 293 29 is_stmt 0 view .LVU126
 330 0162 CDF82C80 		str	r8, [sp, #44]
 294:Src/main.c    ****   HAL_GPIO_Init(GPIOG, &GPIO_InitStruct);
 331              		.loc 1 294 3 is_stmt 1 view .LVU127
 332 0166 07A9     		add	r1, sp, #28
 333 0168 3846     		mov	r0, r7
 334 016a FFF7FEFF 		bl	HAL_GPIO_Init
ARM GAS  /tmp/ccwPyVU4.s 			page 12


 335              	.LVL10:
 295:Src/main.c    **** 
 296:Src/main.c    **** }
 336              		.loc 1 296 1 is_stmt 0 view .LVU128
 337 016e 0DB0     		add	sp, sp, #52
 338              	.LCFI2:
 339              		.cfi_def_cfa_offset 36
 340              		@ sp needed
 341 0170 BDE8F08F 		pop	{r4, r5, r6, r7, r8, r9, r10, fp, pc}
 342              	.L4:
 343              		.align	2
 344              	.L3:
 345 0174 00380240 		.word	1073887232
 346 0178 00180240 		.word	1073879040
 347 017c 00001110 		.word	269549568
 348 0180 00000240 		.word	1073872896
 349 0184 000C0240 		.word	1073875968
 350 0188 00040240 		.word	1073873920
 351 018c 00080240 		.word	1073874944
 352              		.cfi_endproc
 353              	.LFE147:
 355              		.section	.text.Error_Handler,"ax",%progbits
 356              		.align	1
 357              		.global	Error_Handler
 358              		.syntax unified
 359              		.thumb
 360              		.thumb_func
 361              		.fpu fpv5-d16
 363              	Error_Handler:
 364              	.LFB148:
 297:Src/main.c    **** 
 298:Src/main.c    **** /* USER CODE BEGIN 4 */
 299:Src/main.c    **** 
 300:Src/main.c    **** /* USER CODE END 4 */
 301:Src/main.c    **** 
 302:Src/main.c    **** /**
 303:Src/main.c    ****   * @brief  This function is executed in case of error occurrence.
 304:Src/main.c    ****   * @retval None
 305:Src/main.c    ****   */
 306:Src/main.c    **** void Error_Handler(void)
 307:Src/main.c    **** {
 365              		.loc 1 307 1 is_stmt 1 view -0
 366              		.cfi_startproc
 367              		@ Volatile: function does not return.
 368              		@ args = 0, pretend = 0, frame = 0
 369              		@ frame_needed = 0, uses_anonymous_args = 0
 370 0000 08B5     		push	{r3, lr}
 371              	.LCFI3:
 372              		.cfi_def_cfa_offset 8
 373              		.cfi_offset 3, -8
 374              		.cfi_offset 14, -4
 308:Src/main.c    ****   /* USER CODE BEGIN Error_Handler_Debug */
 309:Src/main.c    ****   /* User can add his own implementation to report the HAL error return state */
 310:Src/main.c    ****   // RED LED LD3 on fatal error.
 311:Src/main.c    ****   HAL_GPIO_WritePin(GPIOB, LD3_Pin, GPIO_PIN_SET);
 375              		.loc 1 311 3 view .LVU130
 376 0002 0122     		movs	r2, #1
ARM GAS  /tmp/ccwPyVU4.s 			page 13


 377 0004 4FF48041 		mov	r1, #16384
 378 0008 0148     		ldr	r0, .L8
 379 000a FFF7FEFF 		bl	HAL_GPIO_WritePin
 380              	.LVL11:
 381              	.L6:
 312:Src/main.c    ****   while(1){
 382              		.loc 1 312 3 discriminator 1 view .LVU131
 313:Src/main.c    **** 	  // loop forever (halt)
 314:Src/main.c    ****   }
 383              		.loc 1 314 3 discriminator 1 view .LVU132
 312:Src/main.c    ****   while(1){
 384              		.loc 1 312 8 discriminator 1 view .LVU133
 385 000e FEE7     		b	.L6
 386              	.L9:
 387              		.align	2
 388              	.L8:
 389 0010 00040240 		.word	1073873920
 390              		.cfi_endproc
 391              	.LFE148:
 393              		.section	.text.SystemClock_Config,"ax",%progbits
 394              		.align	1
 395              		.global	SystemClock_Config
 396              		.syntax unified
 397              		.thumb
 398              		.thumb_func
 399              		.fpu fpv5-d16
 401              	SystemClock_Config:
 402              	.LFB146:
 150:Src/main.c    ****   RCC_OscInitTypeDef RCC_OscInitStruct = {0};
 403              		.loc 1 150 1 view -0
 404              		.cfi_startproc
 405              		@ args = 0, pretend = 0, frame = 224
 406              		@ frame_needed = 0, uses_anonymous_args = 0
 407 0000 00B5     		push	{lr}
 408              	.LCFI4:
 409              		.cfi_def_cfa_offset 4
 410              		.cfi_offset 14, -4
 411 0002 B9B0     		sub	sp, sp, #228
 412              	.LCFI5:
 413              		.cfi_def_cfa_offset 232
 151:Src/main.c    ****   RCC_ClkInitTypeDef RCC_ClkInitStruct = {0};
 414              		.loc 1 151 3 view .LVU135
 151:Src/main.c    ****   RCC_ClkInitTypeDef RCC_ClkInitStruct = {0};
 415              		.loc 1 151 22 is_stmt 0 view .LVU136
 416 0004 3422     		movs	r2, #52
 417 0006 0021     		movs	r1, #0
 418 0008 2BA8     		add	r0, sp, #172
 419 000a FFF7FEFF 		bl	memset
 420              	.LVL12:
 152:Src/main.c    ****   RCC_PeriphCLKInitTypeDef PeriphClkInitStruct = {0};
 421              		.loc 1 152 3 is_stmt 1 view .LVU137
 152:Src/main.c    ****   RCC_PeriphCLKInitTypeDef PeriphClkInitStruct = {0};
 422              		.loc 1 152 22 is_stmt 0 view .LVU138
 423 000e 0021     		movs	r1, #0
 424 0010 2691     		str	r1, [sp, #152]
 425 0012 2791     		str	r1, [sp, #156]
 426 0014 2891     		str	r1, [sp, #160]
ARM GAS  /tmp/ccwPyVU4.s 			page 14


 427 0016 2991     		str	r1, [sp, #164]
 428 0018 2A91     		str	r1, [sp, #168]
 153:Src/main.c    **** 
 429              		.loc 1 153 3 is_stmt 1 view .LVU139
 153:Src/main.c    **** 
 430              		.loc 1 153 28 is_stmt 0 view .LVU140
 431 001a 9022     		movs	r2, #144
 432 001c 02A8     		add	r0, sp, #8
 433 001e FFF7FEFF 		bl	memset
 434              	.LVL13:
 157:Src/main.c    ****   __HAL_PWR_VOLTAGESCALING_CONFIG(PWR_REGULATOR_VOLTAGE_SCALE1);
 435              		.loc 1 157 3 is_stmt 1 view .LVU141
 436              	.LBB8:
 157:Src/main.c    ****   __HAL_PWR_VOLTAGESCALING_CONFIG(PWR_REGULATOR_VOLTAGE_SCALE1);
 437              		.loc 1 157 3 view .LVU142
 157:Src/main.c    ****   __HAL_PWR_VOLTAGESCALING_CONFIG(PWR_REGULATOR_VOLTAGE_SCALE1);
 438              		.loc 1 157 3 view .LVU143
 439 0022 2F4B     		ldr	r3, .L20
 440 0024 1A6C     		ldr	r2, [r3, #64]
 441 0026 42F08052 		orr	r2, r2, #268435456
 442 002a 1A64     		str	r2, [r3, #64]
 157:Src/main.c    ****   __HAL_PWR_VOLTAGESCALING_CONFIG(PWR_REGULATOR_VOLTAGE_SCALE1);
 443              		.loc 1 157 3 view .LVU144
 444 002c 1B6C     		ldr	r3, [r3, #64]
 445 002e 03F08053 		and	r3, r3, #268435456
 446 0032 0093     		str	r3, [sp]
 157:Src/main.c    ****   __HAL_PWR_VOLTAGESCALING_CONFIG(PWR_REGULATOR_VOLTAGE_SCALE1);
 447              		.loc 1 157 3 view .LVU145
 448 0034 009B     		ldr	r3, [sp]
 449              	.LBE8:
 157:Src/main.c    ****   __HAL_PWR_VOLTAGESCALING_CONFIG(PWR_REGULATOR_VOLTAGE_SCALE1);
 450              		.loc 1 157 3 view .LVU146
 158:Src/main.c    ****   /** Initializes the RCC Oscillators according to the specified parameters
 451              		.loc 1 158 3 view .LVU147
 452              	.LBB9:
 158:Src/main.c    ****   /** Initializes the RCC Oscillators according to the specified parameters
 453              		.loc 1 158 3 view .LVU148
 158:Src/main.c    ****   /** Initializes the RCC Oscillators according to the specified parameters
 454              		.loc 1 158 3 view .LVU149
 455 0036 2B4B     		ldr	r3, .L20+4
 456 0038 1A68     		ldr	r2, [r3]
 457 003a 42F44042 		orr	r2, r2, #49152
 458 003e 1A60     		str	r2, [r3]
 158:Src/main.c    ****   /** Initializes the RCC Oscillators according to the specified parameters
 459              		.loc 1 158 3 view .LVU150
 460 0040 1B68     		ldr	r3, [r3]
 461 0042 03F44043 		and	r3, r3, #49152
 462 0046 0193     		str	r3, [sp, #4]
 158:Src/main.c    ****   /** Initializes the RCC Oscillators according to the specified parameters
 463              		.loc 1 158 3 view .LVU151
 464 0048 019B     		ldr	r3, [sp, #4]
 465              	.LBE9:
 158:Src/main.c    ****   /** Initializes the RCC Oscillators according to the specified parameters
 466              		.loc 1 158 3 view .LVU152
 162:Src/main.c    ****   RCC_OscInitStruct.HSEState = RCC_HSE_BYPASS;
 467              		.loc 1 162 3 view .LVU153
 162:Src/main.c    ****   RCC_OscInitStruct.HSEState = RCC_HSE_BYPASS;
ARM GAS  /tmp/ccwPyVU4.s 			page 15


 468              		.loc 1 162 36 is_stmt 0 view .LVU154
 469 004a 0123     		movs	r3, #1
 470 004c 2B93     		str	r3, [sp, #172]
 163:Src/main.c    ****   RCC_OscInitStruct.PLL.PLLState = RCC_PLL_ON;
 471              		.loc 1 163 3 is_stmt 1 view .LVU155
 163:Src/main.c    ****   RCC_OscInitStruct.PLL.PLLState = RCC_PLL_ON;
 472              		.loc 1 163 30 is_stmt 0 view .LVU156
 473 004e 4FF4A023 		mov	r3, #327680
 474 0052 2C93     		str	r3, [sp, #176]
 164:Src/main.c    ****   RCC_OscInitStruct.PLL.PLLSource = RCC_PLLSOURCE_HSE;
 475              		.loc 1 164 3 is_stmt 1 view .LVU157
 164:Src/main.c    ****   RCC_OscInitStruct.PLL.PLLSource = RCC_PLLSOURCE_HSE;
 476              		.loc 1 164 34 is_stmt 0 view .LVU158
 477 0054 0223     		movs	r3, #2
 478 0056 3193     		str	r3, [sp, #196]
 165:Src/main.c    ****   RCC_OscInitStruct.PLL.PLLM = 8;
 479              		.loc 1 165 3 is_stmt 1 view .LVU159
 165:Src/main.c    ****   RCC_OscInitStruct.PLL.PLLM = 8;
 480              		.loc 1 165 35 is_stmt 0 view .LVU160
 481 0058 4FF48002 		mov	r2, #4194304
 482 005c 3292     		str	r2, [sp, #200]
 166:Src/main.c    ****   RCC_OscInitStruct.PLL.PLLN = 432;
 483              		.loc 1 166 3 is_stmt 1 view .LVU161
 166:Src/main.c    ****   RCC_OscInitStruct.PLL.PLLN = 432;
 484              		.loc 1 166 30 is_stmt 0 view .LVU162
 485 005e 0822     		movs	r2, #8
 486 0060 3392     		str	r2, [sp, #204]
 167:Src/main.c    ****   RCC_OscInitStruct.PLL.PLLP = RCC_PLLP_DIV2;
 487              		.loc 1 167 3 is_stmt 1 view .LVU163
 167:Src/main.c    ****   RCC_OscInitStruct.PLL.PLLP = RCC_PLLP_DIV2;
 488              		.loc 1 167 30 is_stmt 0 view .LVU164
 489 0062 4FF4D872 		mov	r2, #432
 490 0066 3492     		str	r2, [sp, #208]
 168:Src/main.c    ****   RCC_OscInitStruct.PLL.PLLQ = 9;
 491              		.loc 1 168 3 is_stmt 1 view .LVU165
 168:Src/main.c    ****   RCC_OscInitStruct.PLL.PLLQ = 9;
 492              		.loc 1 168 30 is_stmt 0 view .LVU166
 493 0068 3593     		str	r3, [sp, #212]
 169:Src/main.c    ****   if (HAL_RCC_OscConfig(&RCC_OscInitStruct) != HAL_OK)
 494              		.loc 1 169 3 is_stmt 1 view .LVU167
 169:Src/main.c    ****   if (HAL_RCC_OscConfig(&RCC_OscInitStruct) != HAL_OK)
 495              		.loc 1 169 30 is_stmt 0 view .LVU168
 496 006a 0923     		movs	r3, #9
 497 006c 3693     		str	r3, [sp, #216]
 170:Src/main.c    ****   {
 498              		.loc 1 170 3 is_stmt 1 view .LVU169
 170:Src/main.c    ****   {
 499              		.loc 1 170 7 is_stmt 0 view .LVU170
 500 006e 2BA8     		add	r0, sp, #172
 501 0070 FFF7FEFF 		bl	HAL_RCC_OscConfig
 502              	.LVL14:
 170:Src/main.c    ****   {
 503              		.loc 1 170 6 view .LVU171
 504 0074 60BB     		cbnz	r0, .L16
 176:Src/main.c    ****   {
 505              		.loc 1 176 3 is_stmt 1 view .LVU172
 176:Src/main.c    ****   {
ARM GAS  /tmp/ccwPyVU4.s 			page 16


 506              		.loc 1 176 7 is_stmt 0 view .LVU173
 507 0076 FFF7FEFF 		bl	HAL_PWREx_EnableOverDrive
 508              	.LVL15:
 176:Src/main.c    ****   {
 509              		.loc 1 176 6 view .LVU174
 510 007a 58BB     		cbnz	r0, .L17
 182:Src/main.c    ****                               |RCC_CLOCKTYPE_PCLK1|RCC_CLOCKTYPE_PCLK2;
 511              		.loc 1 182 3 is_stmt 1 view .LVU175
 182:Src/main.c    ****                               |RCC_CLOCKTYPE_PCLK1|RCC_CLOCKTYPE_PCLK2;
 512              		.loc 1 182 31 is_stmt 0 view .LVU176
 513 007c 0F23     		movs	r3, #15
 514 007e 2693     		str	r3, [sp, #152]
 184:Src/main.c    ****   RCC_ClkInitStruct.AHBCLKDivider = RCC_SYSCLK_DIV1;
 515              		.loc 1 184 3 is_stmt 1 view .LVU177
 184:Src/main.c    ****   RCC_ClkInitStruct.AHBCLKDivider = RCC_SYSCLK_DIV1;
 516              		.loc 1 184 34 is_stmt 0 view .LVU178
 517 0080 0223     		movs	r3, #2
 518 0082 2793     		str	r3, [sp, #156]
 185:Src/main.c    ****   RCC_ClkInitStruct.APB1CLKDivider = RCC_HCLK_DIV4;
 519              		.loc 1 185 3 is_stmt 1 view .LVU179
 185:Src/main.c    ****   RCC_ClkInitStruct.APB1CLKDivider = RCC_HCLK_DIV4;
 520              		.loc 1 185 35 is_stmt 0 view .LVU180
 521 0084 0023     		movs	r3, #0
 522 0086 2893     		str	r3, [sp, #160]
 186:Src/main.c    ****   RCC_ClkInitStruct.APB2CLKDivider = RCC_HCLK_DIV2;
 523              		.loc 1 186 3 is_stmt 1 view .LVU181
 186:Src/main.c    ****   RCC_ClkInitStruct.APB2CLKDivider = RCC_HCLK_DIV2;
 524              		.loc 1 186 36 is_stmt 0 view .LVU182
 525 0088 4FF4A053 		mov	r3, #5120
 526 008c 2993     		str	r3, [sp, #164]
 187:Src/main.c    **** 
 527              		.loc 1 187 3 is_stmt 1 view .LVU183
 187:Src/main.c    **** 
 528              		.loc 1 187 36 is_stmt 0 view .LVU184
 529 008e 4FF48053 		mov	r3, #4096
 530 0092 2A93     		str	r3, [sp, #168]
 189:Src/main.c    ****   {
 531              		.loc 1 189 3 is_stmt 1 view .LVU185
 189:Src/main.c    ****   {
 532              		.loc 1 189 7 is_stmt 0 view .LVU186
 533 0094 0721     		movs	r1, #7
 534 0096 26A8     		add	r0, sp, #152
 535 0098 FFF7FEFF 		bl	HAL_RCC_ClockConfig
 536              	.LVL16:
 189:Src/main.c    ****   {
 537              		.loc 1 189 6 view .LVU187
 538 009c E0B9     		cbnz	r0, .L18
 193:Src/main.c    ****   PeriphClkInitStruct.PLLSAI.PLLSAIN = 384;
 539              		.loc 1 193 3 is_stmt 1 view .LVU188
 193:Src/main.c    ****   PeriphClkInitStruct.PLLSAI.PLLSAIN = 384;
 540              		.loc 1 193 44 is_stmt 0 view .LVU189
 541 009e 4FF40013 		mov	r3, #2097152
 542 00a2 0293     		str	r3, [sp, #8]
 194:Src/main.c    ****   PeriphClkInitStruct.PLLSAI.PLLSAIR = 2;
 543              		.loc 1 194 3 is_stmt 1 view .LVU190
 194:Src/main.c    ****   PeriphClkInitStruct.PLLSAI.PLLSAIR = 2;
 544              		.loc 1 194 38 is_stmt 0 view .LVU191
ARM GAS  /tmp/ccwPyVU4.s 			page 17


 545 00a4 4FF4C073 		mov	r3, #384
 546 00a8 0793     		str	r3, [sp, #28]
 195:Src/main.c    ****   PeriphClkInitStruct.PLLSAI.PLLSAIQ = 2;
 547              		.loc 1 195 3 is_stmt 1 view .LVU192
 195:Src/main.c    ****   PeriphClkInitStruct.PLLSAI.PLLSAIQ = 2;
 548              		.loc 1 195 38 is_stmt 0 view .LVU193
 549 00aa 0223     		movs	r3, #2
 550 00ac 0993     		str	r3, [sp, #36]
 196:Src/main.c    ****   PeriphClkInitStruct.PLLSAI.PLLSAIP = RCC_PLLSAIP_DIV8;
 551              		.loc 1 196 3 is_stmt 1 view .LVU194
 196:Src/main.c    ****   PeriphClkInitStruct.PLLSAI.PLLSAIP = RCC_PLLSAIP_DIV8;
 552              		.loc 1 196 38 is_stmt 0 view .LVU195
 553 00ae 0893     		str	r3, [sp, #32]
 197:Src/main.c    ****   PeriphClkInitStruct.PLLSAIDivQ = 1;
 554              		.loc 1 197 3 is_stmt 1 view .LVU196
 197:Src/main.c    ****   PeriphClkInitStruct.PLLSAIDivQ = 1;
 555              		.loc 1 197 38 is_stmt 0 view .LVU197
 556 00b0 0323     		movs	r3, #3
 557 00b2 0A93     		str	r3, [sp, #40]
 198:Src/main.c    ****   PeriphClkInitStruct.PLLSAIDivR = RCC_PLLSAIDIVR_2;
 558              		.loc 1 198 3 is_stmt 1 view .LVU198
 198:Src/main.c    ****   PeriphClkInitStruct.PLLSAIDivR = RCC_PLLSAIDIVR_2;
 559              		.loc 1 198 34 is_stmt 0 view .LVU199
 560 00b4 0123     		movs	r3, #1
 561 00b6 0C93     		str	r3, [sp, #48]
 199:Src/main.c    ****   PeriphClkInitStruct.Clk48ClockSelection = RCC_CLK48SOURCE_PLLSAIP;
 562              		.loc 1 199 3 is_stmt 1 view .LVU200
 199:Src/main.c    ****   PeriphClkInitStruct.Clk48ClockSelection = RCC_CLK48SOURCE_PLLSAIP;
 563              		.loc 1 199 34 is_stmt 0 view .LVU201
 564 00b8 0023     		movs	r3, #0
 565 00ba 0D93     		str	r3, [sp, #52]
 200:Src/main.c    ****   if (HAL_RCCEx_PeriphCLKConfig(&PeriphClkInitStruct) != HAL_OK)
 566              		.loc 1 200 3 is_stmt 1 view .LVU202
 200:Src/main.c    ****   if (HAL_RCCEx_PeriphCLKConfig(&PeriphClkInitStruct) != HAL_OK)
 567              		.loc 1 200 43 is_stmt 0 view .LVU203
 568 00bc 4FF00063 		mov	r3, #134217728
 569 00c0 2193     		str	r3, [sp, #132]
 201:Src/main.c    ****   {
 570              		.loc 1 201 3 is_stmt 1 view .LVU204
 201:Src/main.c    ****   {
 571              		.loc 1 201 7 is_stmt 0 view .LVU205
 572 00c2 02A8     		add	r0, sp, #8
 573 00c4 FFF7FEFF 		bl	HAL_RCCEx_PeriphCLKConfig
 574              	.LVL17:
 201:Src/main.c    ****   {
 575              		.loc 1 201 6 view .LVU206
 576 00c8 40B9     		cbnz	r0, .L19
 205:Src/main.c    **** 
 577              		.loc 1 205 1 view .LVU207
 578 00ca 39B0     		add	sp, sp, #228
 579              	.LCFI6:
 580              		.cfi_remember_state
 581              		.cfi_def_cfa_offset 4
 582              		@ sp needed
 583 00cc 5DF804FB 		ldr	pc, [sp], #4
 584              	.L16:
 585              	.LCFI7:
ARM GAS  /tmp/ccwPyVU4.s 			page 18


 586              		.cfi_restore_state
 172:Src/main.c    ****   }
 587              		.loc 1 172 5 is_stmt 1 view .LVU208
 588 00d0 FFF7FEFF 		bl	Error_Handler
 589              	.LVL18:
 590              	.L17:
 178:Src/main.c    ****   }
 591              		.loc 1 178 5 view .LVU209
 592 00d4 FFF7FEFF 		bl	Error_Handler
 593              	.LVL19:
 594              	.L18:
 191:Src/main.c    ****   }
 595              		.loc 1 191 5 view .LVU210
 596 00d8 FFF7FEFF 		bl	Error_Handler
 597              	.LVL20:
 598              	.L19:
 203:Src/main.c    ****   }
 599              		.loc 1 203 5 view .LVU211
 600 00dc FFF7FEFF 		bl	Error_Handler
 601              	.LVL21:
 602              	.L21:
 603              		.align	2
 604              	.L20:
 605 00e0 00380240 		.word	1073887232
 606 00e4 00700040 		.word	1073770496
 607              		.cfi_endproc
 608              	.LFE146:
 610              		.section	.text.main,"ax",%progbits
 611              		.align	1
 612              		.global	main
 613              		.syntax unified
 614              		.thumb
 615              		.thumb_func
 616              		.fpu fpv5-d16
 618              	main:
 619              	.LFB145:
  70:Src/main.c    ****   /* USER CODE BEGIN 1 */
 620              		.loc 1 70 1 view -0
 621              		.cfi_startproc
 622              		@ args = 0, pretend = 0, frame = 40
 623              		@ frame_needed = 0, uses_anonymous_args = 0
 624 0000 00B5     		push	{lr}
 625              	.LCFI8:
 626              		.cfi_def_cfa_offset 4
 627              		.cfi_offset 14, -4
 628 0002 8BB0     		sub	sp, sp, #44
 629              	.LCFI9:
 630              		.cfi_def_cfa_offset 48
  78:Src/main.c    **** 
 631              		.loc 1 78 3 view .LVU213
 632 0004 FFF7FEFF 		bl	HAL_Init
 633              	.LVL22:
  85:Src/main.c    **** 
 634              		.loc 1 85 3 view .LVU214
 635 0008 FFF7FEFF 		bl	SystemClock_Config
 636              	.LVL23:
  92:Src/main.c    ****   MX_USB_DEVICE_Init();
ARM GAS  /tmp/ccwPyVU4.s 			page 19


 637              		.loc 1 92 3 view .LVU215
 638 000c FFF7FEFF 		bl	MX_GPIO_Init
 639              	.LVL24:
  93:Src/main.c    **** //  MX_USB_Start(MX_USB);
 640              		.loc 1 93 3 view .LVU216
 641 0010 FFF7FEFF 		bl	MX_USB_DEVICE_Init
 642              	.LVL25:
 643 0014 07E0     		b	.L25
 644              	.LVL26:
 645              	.L27:
 114:Src/main.c    **** //            MX_USART_Putc(USART3, msg1);
 646              		.loc 1 114 4 view .LVU217
 647 0016 89B2     		uxth	r1, r1
 648 0018 06A8     		add	r0, sp, #24
 649              	.LVL27:
 114:Src/main.c    **** //            MX_USART_Putc(USART3, msg1);
 650              		.loc 1 114 4 is_stmt 0 view .LVU218
 651 001a FFF7FEFF 		bl	IAD_CDC2_Transmit_FS
 652              	.LVL28:
 653 001e 0FE0     		b	.L23
 654              	.L24:
 124:Src/main.c    **** /*
 655              		.loc 1 124 3 is_stmt 1 view .LVU219
 656 0020 6420     		movs	r0, #100
 657 0022 FFF7FEFF 		bl	HAL_Delay
 658              	.LVL29:
 107:Src/main.c    **** 		/* USER CODE END WHILE */
 659              		.loc 1 107 8 view .LVU220
 660              	.L25:
 103:Src/main.c    **** 	uint32_t totalLen;
 661              		.loc 1 103 2 view .LVU221
 104:Src/main.c    **** 	uint8_t result;
 662              		.loc 1 104 2 view .LVU222
 105:Src/main.c    **** 
 663              		.loc 1 105 2 view .LVU223
 107:Src/main.c    **** 		/* USER CODE END WHILE */
 664              		.loc 1 107 2 view .LVU224
 110:Src/main.c    **** 		msg1[0] = '.';
 665              		.loc 1 110 3 view .LVU225
 110:Src/main.c    **** 		msg1[0] = '.';
 666              		.loc 1 110 12 is_stmt 0 view .LVU226
 667 0026 1023     		movs	r3, #16
 668 0028 0193     		str	r3, [sp, #4]
 111:Src/main.c    **** 		result = CDC_Receive_VCP1_FS(msg1, &totalLen);
 669              		.loc 1 111 3 is_stmt 1 view .LVU227
 111:Src/main.c    **** 		result = CDC_Receive_VCP1_FS(msg1, &totalLen);
 670              		.loc 1 111 11 is_stmt 0 view .LVU228
 671 002a 2E23     		movs	r3, #46
 672 002c 8DF81830 		strb	r3, [sp, #24]
 112:Src/main.c    **** 		if (result == USBD_OK && totalLen != 0)
 673              		.loc 1 112 3 is_stmt 1 view .LVU229
 112:Src/main.c    **** 		if (result == USBD_OK && totalLen != 0)
 674              		.loc 1 112 12 is_stmt 0 view .LVU230
 675 0030 01A9     		add	r1, sp, #4
 676 0032 06A8     		add	r0, sp, #24
 677 0034 FFF7FEFF 		bl	CDC_Receive_VCP1_FS
 678              	.LVL30:
ARM GAS  /tmp/ccwPyVU4.s 			page 20


 113:Src/main.c    **** 			IAD_CDC2_Transmit_FS(msg1, totalLen);
 679              		.loc 1 113 3 is_stmt 1 view .LVU231
 113:Src/main.c    **** 			IAD_CDC2_Transmit_FS(msg1, totalLen);
 680              		.loc 1 113 6 is_stmt 0 view .LVU232
 681 0038 10B9     		cbnz	r0, .L23
 113:Src/main.c    **** 			IAD_CDC2_Transmit_FS(msg1, totalLen);
 682              		.loc 1 113 37 discriminator 1 view .LVU233
 683 003a 0199     		ldr	r1, [sp, #4]
 113:Src/main.c    **** 			IAD_CDC2_Transmit_FS(msg1, totalLen);
 684              		.loc 1 113 25 discriminator 1 view .LVU234
 685 003c 0029     		cmp	r1, #0
 686 003e EAD1     		bne	.L27
 687              	.LVL31:
 688              	.L23:
 116:Src/main.c    **** 
 689              		.loc 1 116 3 is_stmt 1 view .LVU235
 690 0040 6420     		movs	r0, #100
 691 0042 FFF7FEFF 		bl	HAL_Delay
 692              	.LVL32:
 118:Src/main.c    **** 		msg2[0] = '.';
 693              		.loc 1 118 3 view .LVU236
 118:Src/main.c    **** 		msg2[0] = '.';
 694              		.loc 1 118 12 is_stmt 0 view .LVU237
 695 0046 1023     		movs	r3, #16
 696 0048 0193     		str	r3, [sp, #4]
 119:Src/main.c    **** 		result = CDC_Receive_VCP1_FS(msg2, &totalLen);
 697              		.loc 1 119 3 is_stmt 1 view .LVU238
 119:Src/main.c    **** 		result = CDC_Receive_VCP1_FS(msg2, &totalLen);
 698              		.loc 1 119 11 is_stmt 0 view .LVU239
 699 004a 2E23     		movs	r3, #46
 700 004c 8DF80830 		strb	r3, [sp, #8]
 120:Src/main.c    **** 		if (result == USBD_OK && totalLen != 0)
 701              		.loc 1 120 3 is_stmt 1 view .LVU240
 120:Src/main.c    **** 		if (result == USBD_OK && totalLen != 0)
 702              		.loc 1 120 12 is_stmt 0 view .LVU241
 703 0050 01A9     		add	r1, sp, #4
 704 0052 02A8     		add	r0, sp, #8
 705 0054 FFF7FEFF 		bl	CDC_Receive_VCP1_FS
 706              	.LVL33:
 121:Src/main.c    **** 			IAD_CDC1_Transmit_FS(msg2, totalLen);
 707              		.loc 1 121 3 is_stmt 1 view .LVU242
 121:Src/main.c    **** 			IAD_CDC1_Transmit_FS(msg2, totalLen);
 708              		.loc 1 121 6 is_stmt 0 view .LVU243
 709 0058 0028     		cmp	r0, #0
 710 005a E1D1     		bne	.L24
 121:Src/main.c    **** 			IAD_CDC1_Transmit_FS(msg2, totalLen);
 711              		.loc 1 121 37 discriminator 1 view .LVU244
 712 005c 0199     		ldr	r1, [sp, #4]
 121:Src/main.c    **** 			IAD_CDC1_Transmit_FS(msg2, totalLen);
 713              		.loc 1 121 25 discriminator 1 view .LVU245
 714 005e 0029     		cmp	r1, #0
 715 0060 DED0     		beq	.L24
 122:Src/main.c    **** 
 716              		.loc 1 122 4 is_stmt 1 view .LVU246
 717 0062 89B2     		uxth	r1, r1
 718 0064 02A8     		add	r0, sp, #8
 719              	.LVL34:
ARM GAS  /tmp/ccwPyVU4.s 			page 21


 122:Src/main.c    **** 
 720              		.loc 1 122 4 is_stmt 0 view .LVU247
 721 0066 FFF7FEFF 		bl	IAD_CDC1_Transmit_FS
 722              	.LVL35:
 723 006a D9E7     		b	.L24
 724              		.cfi_endproc
 725              	.LFE145:
 727              		.comm	string_array,30,4
 728              		.comm	ch,1,1
 729              		.text
 730              	.Letext0:
 731              		.file 2 "/usr/lib/gcc/arm-none-eabi/9.2.1/include/stdint.h"
 732              		.file 3 "Drivers/CMSIS/Include/core_cm7.h"
 733              		.file 4 "Drivers/CMSIS/Device/ST/STM32F7xx/Include/system_stm32f7xx.h"
 734              		.file 5 "Drivers/CMSIS/Device/ST/STM32F7xx/Include/stm32f767xx.h"
 735              		.file 6 "Drivers/STM32F7xx_HAL_Driver/Inc/stm32f7xx_hal_rcc_ex.h"
 736              		.file 7 "Drivers/STM32F7xx_HAL_Driver/Inc/stm32f7xx_hal_rcc.h"
 737              		.file 8 "Drivers/STM32F7xx_HAL_Driver/Inc/stm32f7xx_hal_gpio.h"
 738              		.file 9 "Drivers/STM32F7xx_HAL_Driver/Inc/stm32f7xx_hal_def.h"
 739              		.file 10 "Drivers/STM32F7xx_HAL_Driver/Inc/stm32f7xx_hal.h"
 740              		.file 11 "/usr/lib/gcc/arm-none-eabi/9.2.1/include/stddef.h"
 741              		.file 12 "/usr/include/newlib/sys/_types.h"
 742              		.file 13 "/usr/include/newlib/sys/reent.h"
 743              		.file 14 "/usr/include/newlib/sys/lock.h"
 744              		.file 15 "/usr/include/newlib/stdlib.h"
 745              		.file 16 "Middlewares/ST/STM32_USB_Device_Library/Core/Inc/usbd_def.h"
 746              		.file 17 "Inc/usb_device.h"
 747              		.file 18 "Inc/usbd_iad.h"
 748              		.file 19 "Inc/usbd_iad_if.h"
 749              		.file 20 "Drivers/STM32F7xx_HAL_Driver/Inc/stm32f7xx_hal_pwr_ex.h"
 750              		.file 21 "<built-in>"
ARM GAS  /tmp/ccwPyVU4.s 			page 22


DEFINED SYMBOLS
                            *ABS*:0000000000000000 main.c
     /tmp/ccwPyVU4.s:17     .text.MX_GPIO_Init:0000000000000000 $t
     /tmp/ccwPyVU4.s:24     .text.MX_GPIO_Init:0000000000000000 MX_GPIO_Init
     /tmp/ccwPyVU4.s:345    .text.MX_GPIO_Init:0000000000000174 $d
     /tmp/ccwPyVU4.s:356    .text.Error_Handler:0000000000000000 $t
     /tmp/ccwPyVU4.s:363    .text.Error_Handler:0000000000000000 Error_Handler
     /tmp/ccwPyVU4.s:389    .text.Error_Handler:0000000000000010 $d
     /tmp/ccwPyVU4.s:394    .text.SystemClock_Config:0000000000000000 $t
     /tmp/ccwPyVU4.s:401    .text.SystemClock_Config:0000000000000000 SystemClock_Config
     /tmp/ccwPyVU4.s:605    .text.SystemClock_Config:00000000000000e0 $d
     /tmp/ccwPyVU4.s:611    .text.main:0000000000000000 $t
     /tmp/ccwPyVU4.s:618    .text.main:0000000000000000 main
                            *COM*:000000000000001e string_array
                            *COM*:0000000000000001 ch

UNDEFINED SYMBOLS
HAL_GPIO_WritePin
HAL_GPIO_Init
memset
HAL_RCC_OscConfig
HAL_PWREx_EnableOverDrive
HAL_RCC_ClockConfig
HAL_RCCEx_PeriphCLKConfig
HAL_Init
MX_USB_DEVICE_Init
IAD_CDC2_Transmit_FS
HAL_Delay
CDC_Receive_VCP1_FS
IAD_CDC1_Transmit_FS
