ARM GAS  /tmp/cc6IR555.s 			page 1


   1              		.cpu cortex-m7
   2              		.eabi_attribute 28, 1
   3              		.eabi_attribute 20, 1
   4              		.eabi_attribute 21, 1
   5              		.eabi_attribute 23, 3
   6              		.eabi_attribute 24, 1
   7              		.eabi_attribute 25, 1
   8              		.eabi_attribute 26, 1
   9              		.eabi_attribute 30, 1
  10              		.eabi_attribute 34, 1
  11              		.eabi_attribute 18, 4
  12              		.file	"stm32f7xx_hal_msp.c"
  13              		.text
  14              	.Ltext0:
  15              		.cfi_sections	.debug_frame
  16              		.section	.text.HAL_MspInit,"ax",%progbits
  17              		.align	1
  18              		.global	HAL_MspInit
  19              		.arch armv7e-m
  20              		.syntax unified
  21              		.thumb
  22              		.thumb_func
  23              		.fpu fpv5-d16
  25              	HAL_MspInit:
  26              	.LFB141:
  27              		.file 1 "Src/stm32f7xx_hal_msp.c"
   1:Src/stm32f7xx_hal_msp.c **** /* USER CODE BEGIN Header */
   2:Src/stm32f7xx_hal_msp.c **** /**
   3:Src/stm32f7xx_hal_msp.c ****   ******************************************************************************
   4:Src/stm32f7xx_hal_msp.c ****   * File Name          : stm32f7xx_hal_msp.c
   5:Src/stm32f7xx_hal_msp.c ****   * Description        : This file provides code for the MSP Initialization 
   6:Src/stm32f7xx_hal_msp.c ****   *                      and de-Initialization codes.
   7:Src/stm32f7xx_hal_msp.c ****   ******************************************************************************
   8:Src/stm32f7xx_hal_msp.c ****   * @attention
   9:Src/stm32f7xx_hal_msp.c ****   *
  10:Src/stm32f7xx_hal_msp.c ****   * <h2><center>&copy; Copyright (c) 2019 STMicroelectronics.
  11:Src/stm32f7xx_hal_msp.c ****   * All rights reserved.</center></h2>
  12:Src/stm32f7xx_hal_msp.c ****   *
  13:Src/stm32f7xx_hal_msp.c ****   * This software component is licensed by ST under Ultimate Liberty license
  14:Src/stm32f7xx_hal_msp.c ****   * SLA0044, the "License"; You may not use this file except in compliance with
  15:Src/stm32f7xx_hal_msp.c ****   * the License. You may obtain a copy of the License at:
  16:Src/stm32f7xx_hal_msp.c ****   *                             www.st.com/SLA0044
  17:Src/stm32f7xx_hal_msp.c ****   *
  18:Src/stm32f7xx_hal_msp.c ****   ******************************************************************************
  19:Src/stm32f7xx_hal_msp.c ****   */
  20:Src/stm32f7xx_hal_msp.c **** /* USER CODE END Header */
  21:Src/stm32f7xx_hal_msp.c **** 
  22:Src/stm32f7xx_hal_msp.c **** /* Includes ------------------------------------------------------------------*/
  23:Src/stm32f7xx_hal_msp.c **** #include "main.h"
  24:Src/stm32f7xx_hal_msp.c **** /* USER CODE BEGIN Includes */
  25:Src/stm32f7xx_hal_msp.c **** 
  26:Src/stm32f7xx_hal_msp.c **** /* USER CODE END Includes */
  27:Src/stm32f7xx_hal_msp.c **** 
  28:Src/stm32f7xx_hal_msp.c **** /* Private typedef -----------------------------------------------------------*/
  29:Src/stm32f7xx_hal_msp.c **** /* USER CODE BEGIN TD */
  30:Src/stm32f7xx_hal_msp.c **** 
  31:Src/stm32f7xx_hal_msp.c **** /* USER CODE END TD */
ARM GAS  /tmp/cc6IR555.s 			page 2


  32:Src/stm32f7xx_hal_msp.c **** 
  33:Src/stm32f7xx_hal_msp.c **** /* Private define ------------------------------------------------------------*/
  34:Src/stm32f7xx_hal_msp.c **** /* USER CODE BEGIN Define */
  35:Src/stm32f7xx_hal_msp.c ****  
  36:Src/stm32f7xx_hal_msp.c **** /* USER CODE END Define */
  37:Src/stm32f7xx_hal_msp.c **** 
  38:Src/stm32f7xx_hal_msp.c **** /* Private macro -------------------------------------------------------------*/
  39:Src/stm32f7xx_hal_msp.c **** /* USER CODE BEGIN Macro */
  40:Src/stm32f7xx_hal_msp.c **** 
  41:Src/stm32f7xx_hal_msp.c **** /* USER CODE END Macro */
  42:Src/stm32f7xx_hal_msp.c **** 
  43:Src/stm32f7xx_hal_msp.c **** /* Private variables ---------------------------------------------------------*/
  44:Src/stm32f7xx_hal_msp.c **** /* USER CODE BEGIN PV */
  45:Src/stm32f7xx_hal_msp.c **** 
  46:Src/stm32f7xx_hal_msp.c **** /* USER CODE END PV */
  47:Src/stm32f7xx_hal_msp.c **** 
  48:Src/stm32f7xx_hal_msp.c **** /* Private function prototypes -----------------------------------------------*/
  49:Src/stm32f7xx_hal_msp.c **** /* USER CODE BEGIN PFP */
  50:Src/stm32f7xx_hal_msp.c **** 
  51:Src/stm32f7xx_hal_msp.c **** /* USER CODE END PFP */
  52:Src/stm32f7xx_hal_msp.c **** 
  53:Src/stm32f7xx_hal_msp.c **** /* External functions --------------------------------------------------------*/
  54:Src/stm32f7xx_hal_msp.c **** /* USER CODE BEGIN ExternalFunctions */
  55:Src/stm32f7xx_hal_msp.c **** 
  56:Src/stm32f7xx_hal_msp.c **** /* USER CODE END ExternalFunctions */
  57:Src/stm32f7xx_hal_msp.c **** 
  58:Src/stm32f7xx_hal_msp.c **** /* USER CODE BEGIN 0 */
  59:Src/stm32f7xx_hal_msp.c **** 
  60:Src/stm32f7xx_hal_msp.c **** /* USER CODE END 0 */
  61:Src/stm32f7xx_hal_msp.c **** /**
  62:Src/stm32f7xx_hal_msp.c ****   * Initializes the Global MSP.
  63:Src/stm32f7xx_hal_msp.c ****   */
  64:Src/stm32f7xx_hal_msp.c **** void HAL_MspInit(void)
  65:Src/stm32f7xx_hal_msp.c **** {
  28              		.loc 1 65 1 view -0
  29              		.cfi_startproc
  30              		@ args = 0, pretend = 0, frame = 8
  31              		@ frame_needed = 0, uses_anonymous_args = 0
  32              		@ link register save eliminated.
  33 0000 82B0     		sub	sp, sp, #8
  34              	.LCFI0:
  35              		.cfi_def_cfa_offset 8
  66:Src/stm32f7xx_hal_msp.c ****   /* USER CODE BEGIN MspInit 0 */
  67:Src/stm32f7xx_hal_msp.c **** 
  68:Src/stm32f7xx_hal_msp.c ****   /* USER CODE END MspInit 0 */
  69:Src/stm32f7xx_hal_msp.c **** 
  70:Src/stm32f7xx_hal_msp.c ****   __HAL_RCC_PWR_CLK_ENABLE();
  36              		.loc 1 70 3 view .LVU1
  37              	.LBB2:
  38              		.loc 1 70 3 view .LVU2
  39              		.loc 1 70 3 view .LVU3
  40 0002 0A4B     		ldr	r3, .L3
  41 0004 1A6C     		ldr	r2, [r3, #64]
  42 0006 42F08052 		orr	r2, r2, #268435456
  43 000a 1A64     		str	r2, [r3, #64]
  44              		.loc 1 70 3 view .LVU4
  45 000c 1A6C     		ldr	r2, [r3, #64]
ARM GAS  /tmp/cc6IR555.s 			page 3


  46 000e 02F08052 		and	r2, r2, #268435456
  47 0012 0092     		str	r2, [sp]
  48              		.loc 1 70 3 view .LVU5
  49 0014 009A     		ldr	r2, [sp]
  50              	.LBE2:
  51              		.loc 1 70 3 view .LVU6
  71:Src/stm32f7xx_hal_msp.c ****   __HAL_RCC_SYSCFG_CLK_ENABLE();
  52              		.loc 1 71 3 view .LVU7
  53              	.LBB3:
  54              		.loc 1 71 3 view .LVU8
  55              		.loc 1 71 3 view .LVU9
  56 0016 5A6C     		ldr	r2, [r3, #68]
  57 0018 42F48042 		orr	r2, r2, #16384
  58 001c 5A64     		str	r2, [r3, #68]
  59              		.loc 1 71 3 view .LVU10
  60 001e 5B6C     		ldr	r3, [r3, #68]
  61 0020 03F48043 		and	r3, r3, #16384
  62 0024 0193     		str	r3, [sp, #4]
  63              		.loc 1 71 3 view .LVU11
  64 0026 019B     		ldr	r3, [sp, #4]
  65              	.LBE3:
  66              		.loc 1 71 3 view .LVU12
  72:Src/stm32f7xx_hal_msp.c **** 
  73:Src/stm32f7xx_hal_msp.c ****   /* System interrupt init*/
  74:Src/stm32f7xx_hal_msp.c **** 
  75:Src/stm32f7xx_hal_msp.c ****   /* USER CODE BEGIN MspInit 1 */
  76:Src/stm32f7xx_hal_msp.c **** 
  77:Src/stm32f7xx_hal_msp.c ****   /* USER CODE END MspInit 1 */
  78:Src/stm32f7xx_hal_msp.c **** }
  67              		.loc 1 78 1 is_stmt 0 view .LVU13
  68 0028 02B0     		add	sp, sp, #8
  69              	.LCFI1:
  70              		.cfi_def_cfa_offset 0
  71              		@ sp needed
  72 002a 7047     		bx	lr
  73              	.L4:
  74              		.align	2
  75              	.L3:
  76 002c 00380240 		.word	1073887232
  77              		.cfi_endproc
  78              	.LFE141:
  80              		.text
  81              	.Letext0:
  82              		.file 2 "/usr/lib/gcc/arm-none-eabi/9.2.1/include/stdint.h"
  83              		.file 3 "Drivers/CMSIS/Include/core_cm7.h"
  84              		.file 4 "Drivers/CMSIS/Device/ST/STM32F7xx/Include/system_stm32f7xx.h"
  85              		.file 5 "Drivers/CMSIS/Device/ST/STM32F7xx/Include/stm32f767xx.h"
  86              		.file 6 "Drivers/STM32F7xx_HAL_Driver/Inc/stm32f7xx_hal.h"
ARM GAS  /tmp/cc6IR555.s 			page 4


DEFINED SYMBOLS
                            *ABS*:0000000000000000 stm32f7xx_hal_msp.c
     /tmp/cc6IR555.s:17     .text.HAL_MspInit:0000000000000000 $t
     /tmp/cc6IR555.s:25     .text.HAL_MspInit:0000000000000000 HAL_MspInit
     /tmp/cc6IR555.s:76     .text.HAL_MspInit:000000000000002c $d

NO UNDEFINED SYMBOLS
