ARM GAS  /tmp/cc8VADSi.s 			page 1


   1              		.cpu cortex-m7
   2              		.eabi_attribute 28, 1
   3              		.eabi_attribute 20, 1
   4              		.eabi_attribute 21, 1
   5              		.eabi_attribute 23, 3
   6              		.eabi_attribute 24, 1
   7              		.eabi_attribute 25, 1
   8              		.eabi_attribute 26, 1
   9              		.eabi_attribute 30, 1
  10              		.eabi_attribute 34, 1
  11              		.eabi_attribute 18, 4
  12              		.file	"usb_device.c"
  13              		.text
  14              	.Ltext0:
  15              		.cfi_sections	.debug_frame
  16              		.section	.text.MX_USB_DEVICE_Init,"ax",%progbits
  17              		.align	1
  18              		.global	MX_USB_DEVICE_Init
  19              		.arch armv7e-m
  20              		.syntax unified
  21              		.thumb
  22              		.thumb_func
  23              		.fpu fpv5-d16
  25              	MX_USB_DEVICE_Init:
  26              	.LFB145:
  27              		.file 1 "Src/usb_device.c"
   1:Src/usb_device.c **** /* USER CODE BEGIN Header */
   2:Src/usb_device.c **** /**
   3:Src/usb_device.c ****   ******************************************************************************
   4:Src/usb_device.c ****   * @file           : usb_device.c
   5:Src/usb_device.c ****   * @version        : v1.0_Cube
   6:Src/usb_device.c ****   * @brief          : This file implements the USB Device
   7:Src/usb_device.c ****   ******************************************************************************
   8:Src/usb_device.c ****   * @attention
   9:Src/usb_device.c ****   *
  10:Src/usb_device.c ****   * <h2><center>&copy; Copyright (c) 2019 STMicroelectronics.
  11:Src/usb_device.c ****   * All rights reserved.</center></h2>
  12:Src/usb_device.c ****   *
  13:Src/usb_device.c ****   * This software component is licensed by ST under Ultimate Liberty license
  14:Src/usb_device.c ****   * SLA0044, the "License"; You may not use this file except in compliance with
  15:Src/usb_device.c ****   * the License. You may obtain a copy of the License at:
  16:Src/usb_device.c ****   *                             www.st.com/SLA0044
  17:Src/usb_device.c ****   *
  18:Src/usb_device.c ****   ******************************************************************************
  19:Src/usb_device.c ****   */
  20:Src/usb_device.c **** /* USER CODE END Header */
  21:Src/usb_device.c **** 
  22:Src/usb_device.c **** /* Includes ------------------------------------------------------------------*/
  23:Src/usb_device.c **** 
  24:Src/usb_device.c **** #include <usbd_iad.h>
  25:Src/usb_device.c **** #include "usb_device.h"
  26:Src/usb_device.c **** #include "usbd_core.h"
  27:Src/usb_device.c **** #include "usbd_desc.h"
  28:Src/usb_device.c **** 
  29:Src/usb_device.c **** #include "usbd_iad.h"
  30:Src/usb_device.c **** #include "usbd_iad_if.h"
  31:Src/usb_device.c **** 
ARM GAS  /tmp/cc8VADSi.s 			page 2


  32:Src/usb_device.c **** /* USER CODE END Includes */
  33:Src/usb_device.c **** 
  34:Src/usb_device.c **** /* USER CODE BEGIN PV */
  35:Src/usb_device.c **** /* Private variables ---------------------------------------------------------*/
  36:Src/usb_device.c **** 
  37:Src/usb_device.c **** /* USER CODE END PV */
  38:Src/usb_device.c **** 
  39:Src/usb_device.c **** /* USER CODE BEGIN PFP */
  40:Src/usb_device.c **** /* Private function prototypes -----------------------------------------------*/
  41:Src/usb_device.c **** 
  42:Src/usb_device.c **** /* USER CODE END PFP */
  43:Src/usb_device.c **** 
  44:Src/usb_device.c **** /* USB Device Core handle declaration. */
  45:Src/usb_device.c **** USBD_HandleTypeDef hUsbDeviceFS;
  46:Src/usb_device.c **** uint16_t	SaveState ;
  47:Src/usb_device.c **** uint16_t  wInterrupt_Mask;
  48:Src/usb_device.c **** 
  49:Src/usb_device.c **** /*
  50:Src/usb_device.c ****  * -- Insert your variables declaration here --
  51:Src/usb_device.c ****  */
  52:Src/usb_device.c **** /* USER CODE BEGIN 0 */
  53:Src/usb_device.c **** 
  54:Src/usb_device.c **** /* USER CODE END 0 */
  55:Src/usb_device.c **** 
  56:Src/usb_device.c **** /*
  57:Src/usb_device.c ****  * -- Insert your external function declaration here --
  58:Src/usb_device.c ****  */
  59:Src/usb_device.c **** /* USER CODE BEGIN 1 */
  60:Src/usb_device.c **** 
  61:Src/usb_device.c **** /* USER CODE END 1 */
  62:Src/usb_device.c **** 
  63:Src/usb_device.c **** /**
  64:Src/usb_device.c ****   * Init USB device Library, add supported class and start the library
  65:Src/usb_device.c ****   * @retval None
  66:Src/usb_device.c ****   */
  67:Src/usb_device.c **** void MX_USB_DEVICE_Init(void)
  68:Src/usb_device.c **** {
  28              		.loc 1 68 1 view -0
  29              		.cfi_startproc
  30              		@ args = 0, pretend = 0, frame = 0
  31              		@ frame_needed = 0, uses_anonymous_args = 0
  32 0000 10B5     		push	{r4, lr}
  33              	.LCFI0:
  34              		.cfi_def_cfa_offset 8
  35              		.cfi_offset 4, -8
  36              		.cfi_offset 14, -4
  69:Src/usb_device.c ****   /* Init Device Library,Add Supported Class and Start the library*/
  70:Src/usb_device.c ****   USBD_Init(&hUsbDeviceFS, &FS_Desc, DEVICE_FS);
  37              		.loc 1 70 3 view .LVU1
  38 0002 094C     		ldr	r4, .L3
  39 0004 0122     		movs	r2, #1
  40 0006 0949     		ldr	r1, .L3+4
  41 0008 2046     		mov	r0, r4
  42 000a FFF7FEFF 		bl	USBD_Init
  43              	.LVL0:
  71:Src/usb_device.c ****   USBD_RegisterClass(&hUsbDeviceFS, &USBD_IAD);
  44              		.loc 1 71 3 view .LVU2
ARM GAS  /tmp/cc8VADSi.s 			page 3


  45 000e 0849     		ldr	r1, .L3+8
  46 0010 2046     		mov	r0, r4
  47 0012 FFF7FEFF 		bl	USBD_RegisterClass
  48              	.LVL1:
  72:Src/usb_device.c ****   USBD_IAD_RegisterInterface(&hUsbDeviceFS, &USBD_IAD_Interface_fops_FS);
  49              		.loc 1 72 3 view .LVU3
  50 0016 0749     		ldr	r1, .L3+12
  51 0018 2046     		mov	r0, r4
  52 001a FFF7FEFF 		bl	USBD_IAD_RegisterInterface
  53              	.LVL2:
  73:Src/usb_device.c **** 
  74:Src/usb_device.c ****   USBD_Start(&hUsbDeviceFS);
  54              		.loc 1 74 3 view .LVU4
  55 001e 2046     		mov	r0, r4
  56 0020 FFF7FEFF 		bl	USBD_Start
  57              	.LVL3:
  75:Src/usb_device.c **** }
  58              		.loc 1 75 1 is_stmt 0 view .LVU5
  59 0024 10BD     		pop	{r4, pc}
  60              	.L4:
  61 0026 00BF     		.align	2
  62              	.L3:
  63 0028 00000000 		.word	hUsbDeviceFS
  64 002c 00000000 		.word	FS_Desc
  65 0030 00000000 		.word	USBD_IAD
  66 0034 00000000 		.word	USBD_IAD_Interface_fops_FS
  67              		.cfi_endproc
  68              	.LFE145:
  70              		.comm	wInterrupt_Mask,2,2
  71              		.comm	SaveState,2,2
  72              		.comm	hUsbDeviceFS,720,4
  73              		.text
  74              	.Letext0:
  75              		.file 2 "/usr/include/newlib/machine/_default_types.h"
  76              		.file 3 "/usr/lib/gcc/arm-none-eabi/9.2.1/include/stddef.h"
  77              		.file 4 "/usr/include/newlib/sys/_types.h"
  78              		.file 5 "/usr/include/newlib/sys/reent.h"
  79              		.file 6 "/usr/include/newlib/sys/lock.h"
  80              		.file 7 "/usr/include/newlib/sys/_stdint.h"
  81              		.file 8 "/usr/include/newlib/stdlib.h"
  82              		.file 9 "Drivers/CMSIS/Include/core_cm7.h"
  83              		.file 10 "Drivers/CMSIS/Device/ST/STM32F7xx/Include/system_stm32f7xx.h"
  84              		.file 11 "Drivers/STM32F7xx_HAL_Driver/Inc/stm32f7xx_hal.h"
  85              		.file 12 "Middlewares/ST/STM32_USB_Device_Library/Core/Inc/usbd_def.h"
  86              		.file 13 "Inc/usbd_iad.h"
  87              		.file 14 "Inc/usb_device.h"
  88              		.file 15 "Inc/usbd_desc.h"
  89              		.file 16 "Inc/usbd_iad_if.h"
  90              		.file 17 "Middlewares/ST/STM32_USB_Device_Library/Core/Inc/usbd_core.h"
ARM GAS  /tmp/cc8VADSi.s 			page 4


DEFINED SYMBOLS
                            *ABS*:0000000000000000 usb_device.c
     /tmp/cc8VADSi.s:17     .text.MX_USB_DEVICE_Init:0000000000000000 $t
     /tmp/cc8VADSi.s:25     .text.MX_USB_DEVICE_Init:0000000000000000 MX_USB_DEVICE_Init
     /tmp/cc8VADSi.s:63     .text.MX_USB_DEVICE_Init:0000000000000028 $d
                            *COM*:00000000000002d0 hUsbDeviceFS
                            *COM*:0000000000000002 wInterrupt_Mask
                            *COM*:0000000000000002 SaveState

UNDEFINED SYMBOLS
USBD_Init
USBD_RegisterClass
USBD_IAD_RegisterInterface
USBD_Start
FS_Desc
USBD_IAD
USBD_IAD_Interface_fops_FS
