ARM GAS  /tmp/ccWa7YQT.s 			page 1


   1              		.cpu cortex-m7
   2              		.eabi_attribute 28, 1
   3              		.eabi_attribute 20, 1
   4              		.eabi_attribute 21, 1
   5              		.eabi_attribute 23, 3
   6              		.eabi_attribute 24, 1
   7              		.eabi_attribute 25, 1
   8              		.eabi_attribute 26, 1
   9              		.eabi_attribute 30, 1
  10              		.eabi_attribute 34, 1
  11              		.eabi_attribute 18, 4
  12              		.file	"usbd.c"
  13              		.text
  14              	.Ltext0:
  15              		.cfi_sections	.debug_frame
  16              		.section	.text.USBD_GetCfgDesc,"ax",%progbits
  17              		.align	1
  18              		.arch armv7e-m
  19              		.syntax unified
  20              		.thumb
  21              		.thumb_func
  22              		.fpu fpv5-d16
  24              	USBD_GetCfgDesc:
  25              	.LVL0:
  26              	.LFB148:
  27              		.file 1 "Src/usb/usbd.c"
   1:Src/usb/usbd.c **** /**
   2:Src/usb/usbd.c ****   ******************************************************************************
   3:Src/usb/usbd.c ****   * @file    usbd.c
   4:Src/usb/usbd.c ****   */
   5:Src/usb/usbd.c **** 
   6:Src/usb/usbd.c **** #include "usbd_hid.h"
   7:Src/usb/usbd.c **** #include "usbd_desc.h"
   8:Src/usb/usbd.c **** #include "usbd_ctlreq.h"
   9:Src/usb/usbd.c **** #include "usbd_cdc.h"
  10:Src/usb/usbd.c **** #include "usbd_cdc_io.h"
  11:Src/usb/usbd.c **** 
  12:Src/usb/usbd.c **** extern USBD_CUSTOM_HID_ItfTypeDef USBD_CustomHID_fops;
  13:Src/usb/usbd.c **** extern const USBD_CDC_ItfTypeDef USBD_CDC_fops;
  14:Src/usb/usbd.c **** 
  15:Src/usb/usbd.c **** USBD_CUSTOM_HID_HandleTypeDef hidClassData;
  16:Src/usb/usbd.c **** 
  17:Src/usb/usbd.c **** extern const uint8_t usbd_hid_ep_intin;
  18:Src/usb/usbd.c **** 
  19:Src/usb/usbd.c **** /** @addtogroup STM32_USB_DEVICE_LIBRARY
  20:Src/usb/usbd.c ****   * @{
  21:Src/usb/usbd.c ****   */
  22:Src/usb/usbd.c **** 
  23:Src/usb/usbd.c **** 
  24:Src/usb/usbd.c **** /** @defgroup USBD_CUSTOM_HID 
  25:Src/usb/usbd.c ****   * @brief usbd core module
  26:Src/usb/usbd.c ****   * @{
  27:Src/usb/usbd.c ****   */ 
  28:Src/usb/usbd.c **** 
  29:Src/usb/usbd.c **** 
  30:Src/usb/usbd.c **** uint8_t  USBD_CDC_Init(USBD_HandleTypeDef *pdev,  uint8_t cfgidx);
  31:Src/usb/usbd.c **** uint8_t  USBD_CDC_Setup(USBD_HandleTypeDef *pdev, USBD_SetupReqTypedef *req);
ARM GAS  /tmp/ccWa7YQT.s 			page 2


  32:Src/usb/usbd.c **** uint8_t  USBD_CDC_EP0_RxReady(USBD_HandleTypeDef *pdev);
  33:Src/usb/usbd.c **** uint8_t  USBD_CDC_DataIn(USBD_HandleTypeDef *pdev, uint8_t epnum);
  34:Src/usb/usbd.c **** uint8_t  USBD_CDC_DataOut(USBD_HandleTypeDef *pdev, uint8_t epnum);
  35:Src/usb/usbd.c **** 
  36:Src/usb/usbd.c **** void USBD_HID_Init(USBD_HandleTypeDef *pdev, uint8_t cfgidx);
  37:Src/usb/usbd.c **** uint8_t USBD_HID_Setup(USBD_HandleTypeDef *pdev, USBD_SetupReqTypedef *req);
  38:Src/usb/usbd.c **** uint8_t USBD_HID_EP0_RxReady(USBD_HandleTypeDef *pdev);
  39:Src/usb/usbd.c **** uint8_t USBD_HID_DataOut(USBD_HandleTypeDef *pdev, uint8_t epnum);
  40:Src/usb/usbd.c **** uint8_t USBD_HID_DataIn(USBD_HandleTypeDef *pdev, uint8_t epnum);
  41:Src/usb/usbd.c **** 
  42:Src/usb/usbd.c **** uint8_t I2C_Setup(USBD_HandleTypeDef *pdev, USBD_SetupReqTypedef *req);
  43:Src/usb/usbd.c **** uint8_t I2C_EP0_RxReady(USBD_HandleTypeDef *pdev);
  44:Src/usb/usbd.c **** 
  45:Src/usb/usbd.c **** static uint8_t USBD_Class_Init(USBD_HandleTypeDef *pdev, uint8_t cfgidx)
  46:Src/usb/usbd.c **** {
  47:Src/usb/usbd.c ****     USBD_HID_Init(pdev, cfgidx);
  48:Src/usb/usbd.c ****     USBD_CDC_Init(pdev, cfgidx);
  49:Src/usb/usbd.c ****     return 0;
  50:Src/usb/usbd.c **** }
  51:Src/usb/usbd.c **** /**
  52:Src/usb/usbd.c ****   * @brief  USBD_CUSTOM_HID_Init
  53:Src/usb/usbd.c ****   *         DeInitialize the CUSTOM_HID layer
  54:Src/usb/usbd.c ****   * @param  pdev: device instance
  55:Src/usb/usbd.c ****   * @param  cfgidx: Configuration index
  56:Src/usb/usbd.c ****   * @retval status
  57:Src/usb/usbd.c ****   */
  58:Src/usb/usbd.c **** static uint8_t  USBD_Class_DeInit (USBD_HandleTypeDef *pdev, uint8_t cfgidx)
  59:Src/usb/usbd.c **** {
  60:Src/usb/usbd.c ****     (void)cfgidx;
  61:Src/usb/usbd.c **** 
  62:Src/usb/usbd.c ****     // HID
  63:Src/usb/usbd.c ****     /* Close CUSTOM_HID EP IN */
  64:Src/usb/usbd.c ****     USBD_LL_CloseEP(pdev, CUSTOM_HID_EPIN_ADDR);
  65:Src/usb/usbd.c **** 
  66:Src/usb/usbd.c ****     /* Close CUSTOM_HID EP OUT */
  67:Src/usb/usbd.c ****     USBD_LL_CloseEP(pdev, CUSTOM_HID_EPOUT_ADDR);
  68:Src/usb/usbd.c **** 
  69:Src/usb/usbd.c ****     USBD_CustomHID_fops.DeInit();
  70:Src/usb/usbd.c **** 
  71:Src/usb/usbd.c ****     // CDC
  72:Src/usb/usbd.c ****     /* Close EP IN/OUT/CMD */
  73:Src/usb/usbd.c ****     USBD_LL_CloseEP(pdev, CDC_IN_EP);
  74:Src/usb/usbd.c ****     USBD_LL_CloseEP(pdev, CDC_IN_EP2);
  75:Src/usb/usbd.c ****     USBD_LL_CloseEP(pdev, CDC_IN_EP3);
  76:Src/usb/usbd.c ****     USBD_LL_CloseEP(pdev, CDC_OUT_EP);
  77:Src/usb/usbd.c ****     USBD_LL_CloseEP(pdev, CDC_OUT_EP2);
  78:Src/usb/usbd.c ****     USBD_LL_CloseEP(pdev, CDC_OUT_EP3);
  79:Src/usb/usbd.c ****     USBD_LL_CloseEP(pdev, CDC_CMD_EP);
  80:Src/usb/usbd.c ****     USBD_LL_CloseEP(pdev, CDC_CMD_EP2);
  81:Src/usb/usbd.c ****     USBD_LL_CloseEP(pdev, CDC_CMD_EP3);
  82:Src/usb/usbd.c **** 
  83:Src/usb/usbd.c ****     USBD_CDC_fops.DeInit();
  84:Src/usb/usbd.c **** 
  85:Src/usb/usbd.c ****     return USBD_OK;
  86:Src/usb/usbd.c **** }
  87:Src/usb/usbd.c **** 
  88:Src/usb/usbd.c **** extern const uint8_t usbd_hid_if_num;
ARM GAS  /tmp/ccWa7YQT.s 			page 3


  89:Src/usb/usbd.c **** static uint8_t USBD_Setup(USBD_HandleTypeDef *pdev, USBD_SetupReqTypedef *req)
  90:Src/usb/usbd.c **** {
  91:Src/usb/usbd.c ****     if ((req->bmRequest & USB_REQ_TYPE_MASK) == USB_REQ_TYPE_VENDOR)
  92:Src/usb/usbd.c ****     {
  93:Src/usb/usbd.c ****       return I2C_Setup(pdev, req);
  94:Src/usb/usbd.c ****     }
  95:Src/usb/usbd.c ****     else
  96:Src/usb/usbd.c ****     {
  97:Src/usb/usbd.c ****         if (LOBYTE(req->wIndex) == usbd_hid_if_num) {
  98:Src/usb/usbd.c ****             return USBD_HID_Setup(pdev, req);
  99:Src/usb/usbd.c ****         } else {
 100:Src/usb/usbd.c ****             return USBD_CDC_Setup(pdev, req);
 101:Src/usb/usbd.c ****         }
 102:Src/usb/usbd.c ****     }
 103:Src/usb/usbd.c **** }
 104:Src/usb/usbd.c **** 
 105:Src/usb/usbd.c **** /**
 106:Src/usb/usbd.c ****   * @brief  USBD_CUSTOM_HID_GetCfgDesc 
 107:Src/usb/usbd.c ****   *         return configuration descriptor
 108:Src/usb/usbd.c ****   * @param  speed : current device speed
 109:Src/usb/usbd.c ****   * @param  length : pointer data length
 110:Src/usb/usbd.c ****   * @retval pointer to descriptor buffer
 111:Src/usb/usbd.c ****   */
 112:Src/usb/usbd.c **** extern const uint8_t USBD_ConfigDescriptor[];
 113:Src/usb/usbd.c **** extern const uint16_t USBD_ConfigDescriptorSize;
 114:Src/usb/usbd.c **** static const uint8_t *USBD_GetCfgDesc (uint16_t *length)
 115:Src/usb/usbd.c **** {
  28              		.loc 1 115 1 view -0
  29              		.cfi_startproc
  30              		@ args = 0, pretend = 0, frame = 0
  31              		@ frame_needed = 0, uses_anonymous_args = 0
  32              		@ link register save eliminated.
 116:Src/usb/usbd.c ****   *length = USBD_ConfigDescriptorSize;
  33              		.loc 1 116 3 view .LVU1
  34              		.loc 1 116 11 is_stmt 0 view .LVU2
  35 0000 024B     		ldr	r3, .L2
  36 0002 1B88     		ldrh	r3, [r3]
  37 0004 0380     		strh	r3, [r0]	@ movhi
 117:Src/usb/usbd.c ****   return USBD_ConfigDescriptor;
  38              		.loc 1 117 3 is_stmt 1 view .LVU3
 118:Src/usb/usbd.c **** }
  39              		.loc 1 118 1 is_stmt 0 view .LVU4
  40 0006 0248     		ldr	r0, .L2+4
  41              	.LVL1:
  42              		.loc 1 118 1 view .LVU5
  43 0008 7047     		bx	lr
  44              	.L3:
  45 000a 00BF     		.align	2
  46              	.L2:
  47 000c 00000000 		.word	USBD_ConfigDescriptorSize
  48 0010 00000000 		.word	USBD_ConfigDescriptor
  49              		.cfi_endproc
  50              	.LFE148:
  52              		.section	.text.USBD_GetDeviceQualifierDesc,"ax",%progbits
  53              		.align	1
  54              		.syntax unified
  55              		.thumb
ARM GAS  /tmp/ccWa7YQT.s 			page 4


  56              		.thumb_func
  57              		.fpu fpv5-d16
  59              	USBD_GetDeviceQualifierDesc:
  60              	.LVL2:
  61              	.LFB152:
 119:Src/usb/usbd.c **** 
 120:Src/usb/usbd.c **** uint8_t USBD_DataIn(USBD_HandleTypeDef *pdev, uint8_t epnum)
 121:Src/usb/usbd.c **** {
 122:Src/usb/usbd.c ****     if (usbd_hid_ep_intin == epnum) {
 123:Src/usb/usbd.c ****         return USBD_HID_DataIn(pdev, epnum);
 124:Src/usb/usbd.c ****     } else {
 125:Src/usb/usbd.c ****         return USBD_CDC_DataIn(pdev, epnum);
 126:Src/usb/usbd.c ****     }
 127:Src/usb/usbd.c **** }
 128:Src/usb/usbd.c **** 
 129:Src/usb/usbd.c **** uint8_t USBD_DataOut(USBD_HandleTypeDef *pdev, uint8_t epnum)
 130:Src/usb/usbd.c **** {
 131:Src/usb/usbd.c ****     if (usbd_hid_ep_intin == epnum) {
 132:Src/usb/usbd.c ****         return USBD_HID_DataOut(pdev, epnum);
 133:Src/usb/usbd.c ****     } else {
 134:Src/usb/usbd.c ****         return USBD_CDC_DataOut(pdev, epnum);
 135:Src/usb/usbd.c ****     }
 136:Src/usb/usbd.c **** }
 137:Src/usb/usbd.c **** 
 138:Src/usb/usbd.c **** uint8_t USBD_EP0_RxReady(USBD_HandleTypeDef *pdev)
 139:Src/usb/usbd.c **** {
 140:Src/usb/usbd.c ****     if ((pdev->request.bmRequest & USB_REQ_TYPE_MASK) == USB_REQ_TYPE_VENDOR)
 141:Src/usb/usbd.c ****     {
 142:Src/usb/usbd.c ****       return I2C_EP0_RxReady(pdev);
 143:Src/usb/usbd.c ****     }
 144:Src/usb/usbd.c ****     else
 145:Src/usb/usbd.c ****     {
 146:Src/usb/usbd.c ****         if (LOBYTE(pdev->request.wIndex) == usbd_hid_if_num) {
 147:Src/usb/usbd.c ****             return USBD_HID_EP0_RxReady(pdev);
 148:Src/usb/usbd.c ****         } else {
 149:Src/usb/usbd.c ****             return USBD_CDC_EP0_RxReady(pdev);
 150:Src/usb/usbd.c ****         }
 151:Src/usb/usbd.c ****     }
 152:Src/usb/usbd.c **** }
 153:Src/usb/usbd.c **** 
 154:Src/usb/usbd.c **** /**
 155:Src/usb/usbd.c **** * @brief  DeviceQualifierDescriptor 
 156:Src/usb/usbd.c **** *         return Device Qualifier descriptor
 157:Src/usb/usbd.c **** * @param  length : pointer data length
 158:Src/usb/usbd.c **** * @retval pointer to descriptor buffer
 159:Src/usb/usbd.c **** */
 160:Src/usb/usbd.c **** extern const uint8_t USBD_DeviceQualifier[];
 161:Src/usb/usbd.c **** 
 162:Src/usb/usbd.c **** /* USB Standard Device Descriptor */
 163:Src/usb/usbd.c **** __ALIGN_BEGIN static const uint8_t USBD_DeviceQualifierDesc[USB_LEN_DEV_QUALIFIER_DESC] __ALIGN_END
 164:Src/usb/usbd.c **** {
 165:Src/usb/usbd.c ****   USB_LEN_DEV_QUALIFIER_DESC,
 166:Src/usb/usbd.c ****   USB_DESC_TYPE_DEVICE_QUALIFIER,
 167:Src/usb/usbd.c ****   0x00,
 168:Src/usb/usbd.c ****   0x02,
 169:Src/usb/usbd.c ****   0x00,
 170:Src/usb/usbd.c ****   0x00,
ARM GAS  /tmp/ccWa7YQT.s 			page 5


 171:Src/usb/usbd.c ****   0x00,
 172:Src/usb/usbd.c ****   0x40,
 173:Src/usb/usbd.c ****   0x01,
 174:Src/usb/usbd.c ****   0x00,
 175:Src/usb/usbd.c **** };
 176:Src/usb/usbd.c **** 
 177:Src/usb/usbd.c **** static const uint8_t *USBD_GetDeviceQualifierDesc(uint16_t *length)
 178:Src/usb/usbd.c **** {
  62              		.loc 1 178 1 is_stmt 1 view -0
  63              		.cfi_startproc
  64              		@ args = 0, pretend = 0, frame = 0
  65              		@ frame_needed = 0, uses_anonymous_args = 0
  66              		@ link register save eliminated.
 179:Src/usb/usbd.c ****   *length = sizeof(USBD_DeviceQualifierDesc);
  67              		.loc 1 179 3 view .LVU7
  68              		.loc 1 179 11 is_stmt 0 view .LVU8
  69 0000 0A23     		movs	r3, #10
  70 0002 0380     		strh	r3, [r0]	@ movhi
 180:Src/usb/usbd.c ****   return USBD_DeviceQualifierDesc;
  71              		.loc 1 180 3 is_stmt 1 view .LVU9
 181:Src/usb/usbd.c **** }
  72              		.loc 1 181 1 is_stmt 0 view .LVU10
  73 0004 0048     		ldr	r0, .L5
  74              	.LVL3:
  75              		.loc 1 181 1 view .LVU11
  76 0006 7047     		bx	lr
  77              	.L6:
  78              		.align	2
  79              	.L5:
  80 0008 00000000 		.word	.LANCHOR0
  81              		.cfi_endproc
  82              	.LFE152:
  84              		.section	.text.USBD_DataIn,"ax",%progbits
  85              		.align	1
  86              		.global	USBD_DataIn
  87              		.syntax unified
  88              		.thumb
  89              		.thumb_func
  90              		.fpu fpv5-d16
  92              	USBD_DataIn:
  93              	.LVL4:
  94              	.LFB149:
 121:Src/usb/usbd.c ****     if (usbd_hid_ep_intin == epnum) {
  95              		.loc 1 121 1 is_stmt 1 view -0
  96              		.cfi_startproc
  97              		@ args = 0, pretend = 0, frame = 0
  98              		@ frame_needed = 0, uses_anonymous_args = 0
 121:Src/usb/usbd.c ****     if (usbd_hid_ep_intin == epnum) {
  99              		.loc 1 121 1 is_stmt 0 view .LVU13
 100 0000 08B5     		push	{r3, lr}
 101              	.LCFI0:
 102              		.cfi_def_cfa_offset 8
 103              		.cfi_offset 3, -8
 104              		.cfi_offset 14, -4
 122:Src/usb/usbd.c ****         return USBD_HID_DataIn(pdev, epnum);
 105              		.loc 1 122 5 is_stmt 1 view .LVU14
 122:Src/usb/usbd.c ****         return USBD_HID_DataIn(pdev, epnum);
ARM GAS  /tmp/ccWa7YQT.s 			page 6


 106              		.loc 1 122 27 is_stmt 0 view .LVU15
 107 0002 054B     		ldr	r3, .L12
 108 0004 1B78     		ldrb	r3, [r3]	@ zero_extendqisi2
 122:Src/usb/usbd.c ****         return USBD_HID_DataIn(pdev, epnum);
 109              		.loc 1 122 8 view .LVU16
 110 0006 8B42     		cmp	r3, r1
 111 0008 02D0     		beq	.L11
 125:Src/usb/usbd.c ****     }
 112              		.loc 1 125 9 is_stmt 1 view .LVU17
 125:Src/usb/usbd.c ****     }
 113              		.loc 1 125 16 is_stmt 0 view .LVU18
 114 000a FFF7FEFF 		bl	USBD_CDC_DataIn
 115              	.LVL5:
 116              	.L9:
 127:Src/usb/usbd.c **** 
 117              		.loc 1 127 1 view .LVU19
 118 000e 08BD     		pop	{r3, pc}
 119              	.LVL6:
 120              	.L11:
 123:Src/usb/usbd.c ****     } else {
 121              		.loc 1 123 9 is_stmt 1 view .LVU20
 123:Src/usb/usbd.c ****     } else {
 122              		.loc 1 123 16 is_stmt 0 view .LVU21
 123 0010 FFF7FEFF 		bl	USBD_HID_DataIn
 124              	.LVL7:
 123:Src/usb/usbd.c ****     } else {
 125              		.loc 1 123 16 view .LVU22
 126 0014 FBE7     		b	.L9
 127              	.L13:
 128 0016 00BF     		.align	2
 129              	.L12:
 130 0018 00000000 		.word	usbd_hid_ep_intin
 131              		.cfi_endproc
 132              	.LFE149:
 134              		.section	.text.USBD_DataOut,"ax",%progbits
 135              		.align	1
 136              		.global	USBD_DataOut
 137              		.syntax unified
 138              		.thumb
 139              		.thumb_func
 140              		.fpu fpv5-d16
 142              	USBD_DataOut:
 143              	.LVL8:
 144              	.LFB150:
 130:Src/usb/usbd.c ****     if (usbd_hid_ep_intin == epnum) {
 145              		.loc 1 130 1 is_stmt 1 view -0
 146              		.cfi_startproc
 147              		@ args = 0, pretend = 0, frame = 0
 148              		@ frame_needed = 0, uses_anonymous_args = 0
 130:Src/usb/usbd.c ****     if (usbd_hid_ep_intin == epnum) {
 149              		.loc 1 130 1 is_stmt 0 view .LVU24
 150 0000 08B5     		push	{r3, lr}
 151              	.LCFI1:
 152              		.cfi_def_cfa_offset 8
 153              		.cfi_offset 3, -8
 154              		.cfi_offset 14, -4
 131:Src/usb/usbd.c ****         return USBD_HID_DataOut(pdev, epnum);
ARM GAS  /tmp/ccWa7YQT.s 			page 7


 155              		.loc 1 131 5 is_stmt 1 view .LVU25
 131:Src/usb/usbd.c ****         return USBD_HID_DataOut(pdev, epnum);
 156              		.loc 1 131 27 is_stmt 0 view .LVU26
 157 0002 054B     		ldr	r3, .L19
 158 0004 1B78     		ldrb	r3, [r3]	@ zero_extendqisi2
 131:Src/usb/usbd.c ****         return USBD_HID_DataOut(pdev, epnum);
 159              		.loc 1 131 8 view .LVU27
 160 0006 8B42     		cmp	r3, r1
 161 0008 02D0     		beq	.L18
 134:Src/usb/usbd.c ****     }
 162              		.loc 1 134 9 is_stmt 1 view .LVU28
 134:Src/usb/usbd.c ****     }
 163              		.loc 1 134 16 is_stmt 0 view .LVU29
 164 000a FFF7FEFF 		bl	USBD_CDC_DataOut
 165              	.LVL9:
 166              	.L16:
 136:Src/usb/usbd.c **** 
 167              		.loc 1 136 1 view .LVU30
 168 000e 08BD     		pop	{r3, pc}
 169              	.LVL10:
 170              	.L18:
 132:Src/usb/usbd.c ****     } else {
 171              		.loc 1 132 9 is_stmt 1 view .LVU31
 132:Src/usb/usbd.c ****     } else {
 172              		.loc 1 132 16 is_stmt 0 view .LVU32
 173 0010 FFF7FEFF 		bl	USBD_HID_DataOut
 174              	.LVL11:
 132:Src/usb/usbd.c ****     } else {
 175              		.loc 1 132 16 view .LVU33
 176 0014 FBE7     		b	.L16
 177              	.L20:
 178 0016 00BF     		.align	2
 179              	.L19:
 180 0018 00000000 		.word	usbd_hid_ep_intin
 181              		.cfi_endproc
 182              	.LFE150:
 184              		.section	.text.USBD_EP0_RxReady,"ax",%progbits
 185              		.align	1
 186              		.global	USBD_EP0_RxReady
 187              		.syntax unified
 188              		.thumb
 189              		.thumb_func
 190              		.fpu fpv5-d16
 192              	USBD_EP0_RxReady:
 193              	.LVL12:
 194              	.LFB151:
 139:Src/usb/usbd.c ****     if ((pdev->request.bmRequest & USB_REQ_TYPE_MASK) == USB_REQ_TYPE_VENDOR)
 195              		.loc 1 139 1 is_stmt 1 view -0
 196              		.cfi_startproc
 197              		@ args = 0, pretend = 0, frame = 0
 198              		@ frame_needed = 0, uses_anonymous_args = 0
 139:Src/usb/usbd.c ****     if ((pdev->request.bmRequest & USB_REQ_TYPE_MASK) == USB_REQ_TYPE_VENDOR)
 199              		.loc 1 139 1 is_stmt 0 view .LVU35
 200 0000 08B5     		push	{r3, lr}
 201              	.LCFI2:
 202              		.cfi_def_cfa_offset 8
 203              		.cfi_offset 3, -8
ARM GAS  /tmp/ccWa7YQT.s 			page 8


 204              		.cfi_offset 14, -4
 140:Src/usb/usbd.c ****     {
 205              		.loc 1 140 5 is_stmt 1 view .LVU36
 140:Src/usb/usbd.c ****     {
 206              		.loc 1 140 23 is_stmt 0 view .LVU37
 207 0002 90F8AA32 		ldrb	r3, [r0, #682]	@ zero_extendqisi2
 140:Src/usb/usbd.c ****     {
 208              		.loc 1 140 8 view .LVU38
 209 0006 03F06003 		and	r3, r3, #96
 210 000a 402B     		cmp	r3, #64
 211 000c 08D0     		beq	.L26
 146:Src/usb/usbd.c ****             return USBD_HID_EP0_RxReady(pdev);
 212              		.loc 1 146 9 is_stmt 1 view .LVU39
 146:Src/usb/usbd.c ****             return USBD_HID_EP0_RxReady(pdev);
 213              		.loc 1 146 13 is_stmt 0 view .LVU40
 214 000e 90F8AE22 		ldrb	r2, [r0, #686]	@ zero_extendqisi2
 146:Src/usb/usbd.c ****             return USBD_HID_EP0_RxReady(pdev);
 215              		.loc 1 146 42 view .LVU41
 216 0012 064B     		ldr	r3, .L28
 217 0014 1B78     		ldrb	r3, [r3]	@ zero_extendqisi2
 146:Src/usb/usbd.c ****             return USBD_HID_EP0_RxReady(pdev);
 218              		.loc 1 146 12 view .LVU42
 219 0016 9A42     		cmp	r2, r3
 220 0018 05D0     		beq	.L27
 149:Src/usb/usbd.c ****         }
 221              		.loc 1 149 13 is_stmt 1 view .LVU43
 149:Src/usb/usbd.c ****         }
 222              		.loc 1 149 20 is_stmt 0 view .LVU44
 223 001a FFF7FEFF 		bl	USBD_CDC_EP0_RxReady
 224              	.LVL13:
 225              	.L23:
 152:Src/usb/usbd.c **** 
 226              		.loc 1 152 1 view .LVU45
 227 001e 08BD     		pop	{r3, pc}
 228              	.LVL14:
 229              	.L26:
 142:Src/usb/usbd.c ****     }
 230              		.loc 1 142 7 is_stmt 1 view .LVU46
 142:Src/usb/usbd.c ****     }
 231              		.loc 1 142 14 is_stmt 0 view .LVU47
 232 0020 FFF7FEFF 		bl	I2C_EP0_RxReady
 233              	.LVL15:
 142:Src/usb/usbd.c ****     }
 234              		.loc 1 142 14 view .LVU48
 235 0024 FBE7     		b	.L23
 236              	.LVL16:
 237              	.L27:
 147:Src/usb/usbd.c ****         } else {
 238              		.loc 1 147 13 is_stmt 1 view .LVU49
 147:Src/usb/usbd.c ****         } else {
 239              		.loc 1 147 20 is_stmt 0 view .LVU50
 240 0026 FFF7FEFF 		bl	USBD_HID_EP0_RxReady
 241              	.LVL17:
 147:Src/usb/usbd.c ****         } else {
 242              		.loc 1 147 20 view .LVU51
 243 002a F8E7     		b	.L23
 244              	.L29:
ARM GAS  /tmp/ccWa7YQT.s 			page 9


 245              		.align	2
 246              	.L28:
 247 002c 00000000 		.word	usbd_hid_if_num
 248              		.cfi_endproc
 249              	.LFE151:
 251              		.section	.text.USBD_Setup,"ax",%progbits
 252              		.align	1
 253              		.syntax unified
 254              		.thumb
 255              		.thumb_func
 256              		.fpu fpv5-d16
 258              	USBD_Setup:
 259              	.LVL18:
 260              	.LFB147:
  90:Src/usb/usbd.c ****     if ((req->bmRequest & USB_REQ_TYPE_MASK) == USB_REQ_TYPE_VENDOR)
 261              		.loc 1 90 1 is_stmt 1 view -0
 262              		.cfi_startproc
 263              		@ args = 0, pretend = 0, frame = 0
 264              		@ frame_needed = 0, uses_anonymous_args = 0
  90:Src/usb/usbd.c ****     if ((req->bmRequest & USB_REQ_TYPE_MASK) == USB_REQ_TYPE_VENDOR)
 265              		.loc 1 90 1 is_stmt 0 view .LVU53
 266 0000 08B5     		push	{r3, lr}
 267              	.LCFI3:
 268              		.cfi_def_cfa_offset 8
 269              		.cfi_offset 3, -8
 270              		.cfi_offset 14, -4
  91:Src/usb/usbd.c ****     {
 271              		.loc 1 91 5 is_stmt 1 view .LVU54
  91:Src/usb/usbd.c ****     {
 272              		.loc 1 91 13 is_stmt 0 view .LVU55
 273 0002 0B78     		ldrb	r3, [r1]	@ zero_extendqisi2
  91:Src/usb/usbd.c ****     {
 274              		.loc 1 91 8 view .LVU56
 275 0004 03F06003 		and	r3, r3, #96
 276 0008 402B     		cmp	r3, #64
 277 000a 07D0     		beq	.L35
  97:Src/usb/usbd.c ****             return USBD_HID_Setup(pdev, req);
 278              		.loc 1 97 9 is_stmt 1 view .LVU57
  97:Src/usb/usbd.c ****             return USBD_HID_Setup(pdev, req);
 279              		.loc 1 97 13 is_stmt 0 view .LVU58
 280 000c 0A79     		ldrb	r2, [r1, #4]	@ zero_extendqisi2
  97:Src/usb/usbd.c ****             return USBD_HID_Setup(pdev, req);
 281              		.loc 1 97 33 view .LVU59
 282 000e 064B     		ldr	r3, .L37
 283 0010 1B78     		ldrb	r3, [r3]	@ zero_extendqisi2
  97:Src/usb/usbd.c ****             return USBD_HID_Setup(pdev, req);
 284              		.loc 1 97 12 view .LVU60
 285 0012 9A42     		cmp	r2, r3
 286 0014 05D0     		beq	.L36
 100:Src/usb/usbd.c ****         }
 287              		.loc 1 100 13 is_stmt 1 view .LVU61
 100:Src/usb/usbd.c ****         }
 288              		.loc 1 100 20 is_stmt 0 view .LVU62
 289 0016 FFF7FEFF 		bl	USBD_CDC_Setup
 290              	.LVL19:
 291              	.L32:
 103:Src/usb/usbd.c **** 
ARM GAS  /tmp/ccWa7YQT.s 			page 10


 292              		.loc 1 103 1 view .LVU63
 293 001a 08BD     		pop	{r3, pc}
 294              	.LVL20:
 295              	.L35:
  93:Src/usb/usbd.c ****     }
 296              		.loc 1 93 7 is_stmt 1 view .LVU64
  93:Src/usb/usbd.c ****     }
 297              		.loc 1 93 14 is_stmt 0 view .LVU65
 298 001c FFF7FEFF 		bl	I2C_Setup
 299              	.LVL21:
  93:Src/usb/usbd.c ****     }
 300              		.loc 1 93 14 view .LVU66
 301 0020 FBE7     		b	.L32
 302              	.LVL22:
 303              	.L36:
  98:Src/usb/usbd.c ****         } else {
 304              		.loc 1 98 13 is_stmt 1 view .LVU67
  98:Src/usb/usbd.c ****         } else {
 305              		.loc 1 98 20 is_stmt 0 view .LVU68
 306 0022 FFF7FEFF 		bl	USBD_HID_Setup
 307              	.LVL23:
  98:Src/usb/usbd.c ****         } else {
 308              		.loc 1 98 20 view .LVU69
 309 0026 F8E7     		b	.L32
 310              	.L38:
 311              		.align	2
 312              	.L37:
 313 0028 00000000 		.word	usbd_hid_if_num
 314              		.cfi_endproc
 315              	.LFE147:
 317              		.section	.text.USBD_Class_DeInit,"ax",%progbits
 318              		.align	1
 319              		.syntax unified
 320              		.thumb
 321              		.thumb_func
 322              		.fpu fpv5-d16
 324              	USBD_Class_DeInit:
 325              	.LVL24:
 326              	.LFB146:
  59:Src/usb/usbd.c ****     (void)cfgidx;
 327              		.loc 1 59 1 is_stmt 1 view -0
 328              		.cfi_startproc
 329              		@ args = 0, pretend = 0, frame = 0
 330              		@ frame_needed = 0, uses_anonymous_args = 0
  59:Src/usb/usbd.c ****     (void)cfgidx;
 331              		.loc 1 59 1 is_stmt 0 view .LVU71
 332 0000 10B5     		push	{r4, lr}
 333              	.LCFI4:
 334              		.cfi_def_cfa_offset 8
 335              		.cfi_offset 4, -8
 336              		.cfi_offset 14, -4
 337 0002 0446     		mov	r4, r0
  60:Src/usb/usbd.c **** 
 338              		.loc 1 60 5 is_stmt 1 view .LVU72
  64:Src/usb/usbd.c **** 
 339              		.loc 1 64 5 view .LVU73
 340 0004 8121     		movs	r1, #129
ARM GAS  /tmp/ccWa7YQT.s 			page 11


 341              	.LVL25:
  64:Src/usb/usbd.c **** 
 342              		.loc 1 64 5 is_stmt 0 view .LVU74
 343 0006 FFF7FEFF 		bl	USBD_LL_CloseEP
 344              	.LVL26:
  67:Src/usb/usbd.c **** 
 345              		.loc 1 67 5 is_stmt 1 view .LVU75
 346 000a 0121     		movs	r1, #1
 347 000c 2046     		mov	r0, r4
 348 000e FFF7FEFF 		bl	USBD_LL_CloseEP
 349              	.LVL27:
  69:Src/usb/usbd.c **** 
 350              		.loc 1 69 5 view .LVU76
  69:Src/usb/usbd.c **** 
 351              		.loc 1 69 24 is_stmt 0 view .LVU77
 352 0012 164B     		ldr	r3, .L41
 353 0014 9B68     		ldr	r3, [r3, #8]
  69:Src/usb/usbd.c **** 
 354              		.loc 1 69 5 view .LVU78
 355 0016 9847     		blx	r3
 356              	.LVL28:
  73:Src/usb/usbd.c ****     USBD_LL_CloseEP(pdev, CDC_IN_EP2);
 357              		.loc 1 73 5 is_stmt 1 view .LVU79
 358 0018 8221     		movs	r1, #130
 359 001a 2046     		mov	r0, r4
 360 001c FFF7FEFF 		bl	USBD_LL_CloseEP
 361              	.LVL29:
  74:Src/usb/usbd.c ****     USBD_LL_CloseEP(pdev, CDC_IN_EP3);
 362              		.loc 1 74 5 view .LVU80
 363 0020 8321     		movs	r1, #131
 364 0022 2046     		mov	r0, r4
 365 0024 FFF7FEFF 		bl	USBD_LL_CloseEP
 366              	.LVL30:
  75:Src/usb/usbd.c ****     USBD_LL_CloseEP(pdev, CDC_OUT_EP);
 367              		.loc 1 75 5 view .LVU81
 368 0028 8421     		movs	r1, #132
 369 002a 2046     		mov	r0, r4
 370 002c FFF7FEFF 		bl	USBD_LL_CloseEP
 371              	.LVL31:
  76:Src/usb/usbd.c ****     USBD_LL_CloseEP(pdev, CDC_OUT_EP2);
 372              		.loc 1 76 5 view .LVU82
 373 0030 0221     		movs	r1, #2
 374 0032 2046     		mov	r0, r4
 375 0034 FFF7FEFF 		bl	USBD_LL_CloseEP
 376              	.LVL32:
  77:Src/usb/usbd.c ****     USBD_LL_CloseEP(pdev, CDC_OUT_EP3);
 377              		.loc 1 77 5 view .LVU83
 378 0038 0321     		movs	r1, #3
 379 003a 2046     		mov	r0, r4
 380 003c FFF7FEFF 		bl	USBD_LL_CloseEP
 381              	.LVL33:
  78:Src/usb/usbd.c ****     USBD_LL_CloseEP(pdev, CDC_CMD_EP);
 382              		.loc 1 78 5 view .LVU84
 383 0040 0421     		movs	r1, #4
 384 0042 2046     		mov	r0, r4
 385 0044 FFF7FEFF 		bl	USBD_LL_CloseEP
 386              	.LVL34:
ARM GAS  /tmp/ccWa7YQT.s 			page 12


  79:Src/usb/usbd.c ****     USBD_LL_CloseEP(pdev, CDC_CMD_EP2);
 387              		.loc 1 79 5 view .LVU85
 388 0048 8521     		movs	r1, #133
 389 004a 2046     		mov	r0, r4
 390 004c FFF7FEFF 		bl	USBD_LL_CloseEP
 391              	.LVL35:
  80:Src/usb/usbd.c ****     USBD_LL_CloseEP(pdev, CDC_CMD_EP3);
 392              		.loc 1 80 5 view .LVU86
 393 0050 8621     		movs	r1, #134
 394 0052 2046     		mov	r0, r4
 395 0054 FFF7FEFF 		bl	USBD_LL_CloseEP
 396              	.LVL36:
  81:Src/usb/usbd.c **** 
 397              		.loc 1 81 5 view .LVU87
 398 0058 8721     		movs	r1, #135
 399 005a 2046     		mov	r0, r4
 400 005c FFF7FEFF 		bl	USBD_LL_CloseEP
 401              	.LVL37:
  83:Src/usb/usbd.c **** 
 402              		.loc 1 83 5 view .LVU88
  83:Src/usb/usbd.c **** 
 403              		.loc 1 83 18 is_stmt 0 view .LVU89
 404 0060 034B     		ldr	r3, .L41+4
 405 0062 5B68     		ldr	r3, [r3, #4]
  83:Src/usb/usbd.c **** 
 406              		.loc 1 83 5 view .LVU90
 407 0064 9847     		blx	r3
 408              	.LVL38:
  85:Src/usb/usbd.c **** }
 409              		.loc 1 85 5 is_stmt 1 view .LVU91
  86:Src/usb/usbd.c **** 
 410              		.loc 1 86 1 is_stmt 0 view .LVU92
 411 0066 0020     		movs	r0, #0
 412 0068 10BD     		pop	{r4, pc}
 413              	.LVL39:
 414              	.L42:
  86:Src/usb/usbd.c **** 
 415              		.loc 1 86 1 view .LVU93
 416 006a 00BF     		.align	2
 417              	.L41:
 418 006c 00000000 		.word	USBD_CustomHID_fops
 419 0070 00000000 		.word	USBD_CDC_fops
 420              		.cfi_endproc
 421              	.LFE146:
 423              		.section	.text.USBD_Class_Init,"ax",%progbits
 424              		.align	1
 425              		.syntax unified
 426              		.thumb
 427              		.thumb_func
 428              		.fpu fpv5-d16
 430              	USBD_Class_Init:
 431              	.LVL40:
 432              	.LFB145:
  46:Src/usb/usbd.c ****     USBD_HID_Init(pdev, cfgidx);
 433              		.loc 1 46 1 is_stmt 1 view -0
 434              		.cfi_startproc
 435              		@ args = 0, pretend = 0, frame = 0
ARM GAS  /tmp/ccWa7YQT.s 			page 13


 436              		@ frame_needed = 0, uses_anonymous_args = 0
  46:Src/usb/usbd.c ****     USBD_HID_Init(pdev, cfgidx);
 437              		.loc 1 46 1 is_stmt 0 view .LVU95
 438 0000 38B5     		push	{r3, r4, r5, lr}
 439              	.LCFI5:
 440              		.cfi_def_cfa_offset 16
 441              		.cfi_offset 3, -16
 442              		.cfi_offset 4, -12
 443              		.cfi_offset 5, -8
 444              		.cfi_offset 14, -4
 445 0002 0446     		mov	r4, r0
 446 0004 0D46     		mov	r5, r1
  47:Src/usb/usbd.c ****     USBD_CDC_Init(pdev, cfgidx);
 447              		.loc 1 47 5 is_stmt 1 view .LVU96
 448 0006 FFF7FEFF 		bl	USBD_HID_Init
 449              	.LVL41:
  48:Src/usb/usbd.c ****     return 0;
 450              		.loc 1 48 5 view .LVU97
 451 000a 2946     		mov	r1, r5
 452 000c 2046     		mov	r0, r4
 453 000e FFF7FEFF 		bl	USBD_CDC_Init
 454              	.LVL42:
  49:Src/usb/usbd.c **** }
 455              		.loc 1 49 5 view .LVU98
  50:Src/usb/usbd.c **** /**
 456              		.loc 1 50 1 is_stmt 0 view .LVU99
 457 0012 0020     		movs	r0, #0
 458 0014 38BD     		pop	{r3, r4, r5, pc}
  50:Src/usb/usbd.c **** /**
 459              		.loc 1 50 1 view .LVU100
 460              		.cfi_endproc
 461              	.LFE145:
 463              		.global	USBD_HANDLER
 464              		.comm	hidClassData,84,4
 465              		.section	.rodata.USBD_DeviceQualifierDesc,"a"
 466              		.align	2
 467              		.set	.LANCHOR0,. + 0
 470              	USBD_DeviceQualifierDesc:
 471 0000 0A060002 		.ascii	"\012\006\000\002\000\000\000@\001\000"
 471      00000040 
 471      0100
 472              		.section	.rodata.USBD_HANDLER,"a"
 473              		.align	2
 476              	USBD_HANDLER:
 477 0000 00000000 		.word	USBD_Class_Init
 478 0004 00000000 		.word	USBD_Class_DeInit
 479 0008 00000000 		.word	USBD_Setup
 480 000c 00000000 		.word	0
 481 0010 00000000 		.word	USBD_EP0_RxReady
 482 0014 00000000 		.word	USBD_DataIn
 483 0018 00000000 		.word	USBD_DataOut
 484 001c 00000000 		.word	0
 485 0020 00000000 		.word	0
 486 0024 00000000 		.word	0
 487 0028 00000000 		.word	USBD_GetCfgDesc
 488 002c 00000000 		.word	USBD_GetCfgDesc
 489 0030 00000000 		.word	USBD_GetCfgDesc
ARM GAS  /tmp/ccWa7YQT.s 			page 14


 490 0034 00000000 		.word	USBD_GetDeviceQualifierDesc
 491              		.text
 492              	.Letext0:
 493              		.file 2 "/usr/lib/gcc/arm-none-eabi/9.2.1/include/stdint.h"
 494              		.file 3 "Drivers/CMSIS/Include/core_cm7.h"
 495              		.file 4 "Drivers/CMSIS/Device/ST/STM32F7xx/Include/system_stm32f7xx.h"
 496              		.file 5 "Drivers/STM32F7xx_HAL_Driver/Inc/stm32f7xx_hal.h"
 497              		.file 6 "/usr/lib/gcc/arm-none-eabi/9.2.1/include/stddef.h"
 498              		.file 7 "/usr/include/newlib/sys/_types.h"
 499              		.file 8 "/usr/include/newlib/sys/reent.h"
 500              		.file 9 "/usr/include/newlib/sys/lock.h"
 501              		.file 10 "/usr/include/newlib/stdlib.h"
 502              		.file 11 "Middlewares/ST/STM32_USB_Device_Library/Core/Inc/usbd_def.h"
 503              		.file 12 "Inc/usbd_hid.h"
 504              		.file 13 "Inc/usbd_desc.h"
 505              		.file 14 "Inc/usbd_cdc_io.h"
 506              		.file 15 "Middlewares/ST/STM32_USB_Device_Library/Core/Inc/usbd_core.h"
ARM GAS  /tmp/ccWa7YQT.s 			page 15


DEFINED SYMBOLS
                            *ABS*:0000000000000000 usbd.c
     /tmp/ccWa7YQT.s:17     .text.USBD_GetCfgDesc:0000000000000000 $t
     /tmp/ccWa7YQT.s:24     .text.USBD_GetCfgDesc:0000000000000000 USBD_GetCfgDesc
     /tmp/ccWa7YQT.s:47     .text.USBD_GetCfgDesc:000000000000000c $d
     /tmp/ccWa7YQT.s:53     .text.USBD_GetDeviceQualifierDesc:0000000000000000 $t
     /tmp/ccWa7YQT.s:59     .text.USBD_GetDeviceQualifierDesc:0000000000000000 USBD_GetDeviceQualifierDesc
     /tmp/ccWa7YQT.s:80     .text.USBD_GetDeviceQualifierDesc:0000000000000008 $d
     /tmp/ccWa7YQT.s:85     .text.USBD_DataIn:0000000000000000 $t
     /tmp/ccWa7YQT.s:92     .text.USBD_DataIn:0000000000000000 USBD_DataIn
     /tmp/ccWa7YQT.s:130    .text.USBD_DataIn:0000000000000018 $d
     /tmp/ccWa7YQT.s:135    .text.USBD_DataOut:0000000000000000 $t
     /tmp/ccWa7YQT.s:142    .text.USBD_DataOut:0000000000000000 USBD_DataOut
     /tmp/ccWa7YQT.s:180    .text.USBD_DataOut:0000000000000018 $d
     /tmp/ccWa7YQT.s:185    .text.USBD_EP0_RxReady:0000000000000000 $t
     /tmp/ccWa7YQT.s:192    .text.USBD_EP0_RxReady:0000000000000000 USBD_EP0_RxReady
     /tmp/ccWa7YQT.s:247    .text.USBD_EP0_RxReady:000000000000002c $d
     /tmp/ccWa7YQT.s:252    .text.USBD_Setup:0000000000000000 $t
     /tmp/ccWa7YQT.s:258    .text.USBD_Setup:0000000000000000 USBD_Setup
     /tmp/ccWa7YQT.s:313    .text.USBD_Setup:0000000000000028 $d
     /tmp/ccWa7YQT.s:318    .text.USBD_Class_DeInit:0000000000000000 $t
     /tmp/ccWa7YQT.s:324    .text.USBD_Class_DeInit:0000000000000000 USBD_Class_DeInit
     /tmp/ccWa7YQT.s:418    .text.USBD_Class_DeInit:000000000000006c $d
     /tmp/ccWa7YQT.s:424    .text.USBD_Class_Init:0000000000000000 $t
     /tmp/ccWa7YQT.s:430    .text.USBD_Class_Init:0000000000000000 USBD_Class_Init
     /tmp/ccWa7YQT.s:476    .rodata.USBD_HANDLER:0000000000000000 USBD_HANDLER
                            *COM*:0000000000000054 hidClassData
     /tmp/ccWa7YQT.s:466    .rodata.USBD_DeviceQualifierDesc:0000000000000000 $d
     /tmp/ccWa7YQT.s:470    .rodata.USBD_DeviceQualifierDesc:0000000000000000 USBD_DeviceQualifierDesc
     /tmp/ccWa7YQT.s:473    .rodata.USBD_HANDLER:0000000000000000 $d

UNDEFINED SYMBOLS
USBD_ConfigDescriptorSize
USBD_ConfigDescriptor
USBD_CDC_DataIn
USBD_HID_DataIn
usbd_hid_ep_intin
USBD_CDC_DataOut
USBD_HID_DataOut
USBD_CDC_EP0_RxReady
I2C_EP0_RxReady
USBD_HID_EP0_RxReady
usbd_hid_if_num
USBD_CDC_Setup
I2C_Setup
USBD_HID_Setup
USBD_LL_CloseEP
USBD_CustomHID_fops
USBD_CDC_fops
USBD_HID_Init
USBD_CDC_Init
